pygame 1.9.4
Hello from the pygame community. https://www.pygame.org/contribute.html
3,-8,207,257,232,186,-82,-2,6,341,-87,-3,7,58,-89,-1,4,198,-77,-1,5,374,-51,-2,1,290,-78,-2,4,54,-79,2,3,238,-72,1,1
3,0,207,257,232,184,-76,-2,6,338,-80,-3,7,57,-85,-1,4,197,-72,-1,5,372,-50,-2,1,288,-74,-2,4,56,-76,2,3,239,-71,1,1
3,0,207,257,232,182,-70,-2,6,335,-73,-3,7,56,-81,-1,4,196,-67,-1,5,370,-49,-2,1,286,-70,-2,4,58,-73,2,3,240,-70,1,1
3,0,207,257,232,180,-64,-2,6,332,-66,-3,7,55,-77,-1,4,195,-62,-1,5,368,-48,-2,1,284,-66,-2,4,60,-70,2,3,241,-69,1,1
3,8,215,265,240,178,-58,-2,6,329,-59,-3,7,54,-73,-1,4,194,-57,-1,5,366,-47,-2,1,282,-62,-2,4,62,-67,2,3,242,-68,1,1
3,8,215,265,240,176,-52,-2,6,326,-52,-3,7,53,-69,-1,4,193,-52,-1,5,364,-46,-2,1,280,-58,-2,4,64,-64,2,3,243,-67,1,1
3,8,223,273,248,174,-46,-2,6,323,-45,-3,7,52,-65,-1,4,192,-47,-1,5,362,-45,-2,1,278,-54,-2,4,66,-61,2,3,244,-66,1,1
3,8,223,273,248,172,-40,-2,6,320,-38,-3,7,51,-61,-1,4,191,-42,-1,5,360,-44,-2,1,276,-50,-2,4,68,-58,2,3,245,-65,1,1
3,-8,215,265,240,170,-34,-2,6,317,-31,-3,7,50,-57,-1,4,190,-37,-1,5,358,-43,-2,1,274,-46,-2,4,70,-55,2,3,246,-64,1,1
3,-8,215,265,240,168,-28,-2,6,314,-24,-3,7,49,-53,-1,4,189,-32,-1,5,356,-42,-2,1,272,-42,-2,4,72,-52,2,3,247,-63,1,1
3,0,215,265,240,166,-22,-2,6,311,-17,-3,7,48,-49,-1,4,188,-27,-1,5,354,-41,-2,1,270,-38,-2,4,74,-49,2,3,248,-62,1,1
3,-8,207,257,232,164,-16,-2,6,308,-10,-3,7,47,-45,-1,4,187,-22,-1,5,352,-40,-2,1,268,-34,-2,4,76,-46,2,3,249,-61,1,1
3,-8,207,257,232,162,-10,-2,6,305,-3,-3,7,46,-41,-1,4,186,-17,-1,5,350,-39,-2,1,266,-30,-2,4,78,-43,2,3,250,-60,1,1
3,8,215,265,240,160,-4,-2,6,302,4,-3,7,45,-37,-1,4,185,-12,-1,5,348,-38,-2,1,264,-26,-2,4,80,-40,2,3,251,-59,1,1
3,8,223,273,248,158,2,-2,6,299,11,-3,7,44,-33,-1,4,184,-7,-1,5,346,-37,-2,1,262,-22,-2,4,82,-37,2,3,252,-58,1,1
3,8,231,281,256,156,8,-2,6,296,18,-3,7,43,-29,-1,4,183,-2,-1,5,344,-36,-2,1,260,-18,-2,4,84,-34,2,3,253,-57,1,1
3,-8,223,273,248,154,14,-2,6,293,25,-3,7,42,-25,-1,4,182,3,-1,5,342,-35,-2,1,258,-14,-2,4,86,-31,2,3,254,-56,1,1
3,8,231,281,256,152,20,-2,6,290,32,-3,7,41,-21,-1,4,181,8,-1,5,340,-34,-2,1,256,-10,-2,4,88,-28,2,3,255,-55,1,1
3,-8,223,273,248,150,26,-2,6,287,39,-3,7,40,-17,-1,4,180,13,-1,5,338,-33,-2,1,254,-6,-2,4,90,-25,2,3,256,-54,1,1
3,-8,223,273,248,148,32,-2,6,284,46,-3,7,39,-13,-1,4,179,18,-1,5,336,-32,-2,1,252,-2,-2,4,92,-22,2,3,257,-53,1,1
3,8,231,281,256,146,38,-2,6,281,53,-3,7,38,-9,-1,4,178,23,-1,5,334,-31,-2,1,250,2,-2,4,94,-19,2,3,258,-52,1,1
3,8,231,281,256,144,44,-2,6,278,60,-3,7,37,-5,-1,4,177,28,-1,5,332,-30,-2,1,248,6,-2,4,96,-16,2,3,259,-51,1,1
3,8,231,281,256,142,50,-2,6,275,67,-3,7,36,-1,-1,4,176,33,-1,5,330,-29,-2,1,246,10,-2,4,98,-13,2,3,260,-50,1,1
3,-8,223,273,248,140,56,-2,6,272,74,-3,7,35,3,-1,4,175,38,-1,5,328,-28,-2,1,244,14,-2,4,100,-10,2,3,261,-49,1,1
3,8,231,281,256,138,62,-2,6,269,81,-3,7,34,7,-1,4,174,43,-1,5,326,-27,-2,1,242,18,-2,4,102,-7,2,3,262,-48,1,1
3,8,239,289,264,136,68,-2,6,266,88,-3,7,33,11,-1,4,173,48,-1,5,324,-26,-2,1,240,22,-2,4,104,-4,2,3,263,-47,1,1
3,0,239,289,264,134,74,-2,6,263,95,-3,7,32,15,-1,4,172,53,-1,5,322,-25,-2,1,238,26,-2,4,106,-1,2,3,264,-46,1,1
3,0,239,289,264,132,80,-2,6,260,102,-3,7,31,19,-1,4,171,58,-1,5,320,-24,-2,1,236,30,-2,4,108,2,2,3,265,-45,1,1
3,-8,231,281,256,130,86,-2,6,257,109,-3,7,30,23,-1,4,170,63,-1,5,318,-23,-2,1,234,34,-2,4,110,5,2,3,266,-44,1,1
3,8,239,289,264,128,92,-2,6,254,116,-3,7,29,27,-1,4,169,68,-1,5,316,-22,-2,1,232,38,-2,4,112,8,2,3,267,-43,1,1
3,0,239,289,264,126,98,-2,6,251,123,-3,7,28,31,-1,4,168,73,-1,5,314,-21,-2,1,230,42,-2,4,114,11,2,3,268,-42,1,1
3,-8,231,281,256,124,104,-2,6,248,130,-3,7,27,35,-1,4,167,78,-1,5,312,-20,-2,1,228,46,-2,4,116,14,2,3,269,-41,1,1
3,-8,223,273,248,122,110,-2,6,245,137,-3,7,26,39,-1,4,166,83,-1,5,310,-19,-2,1,226,50,-2,4,118,17,2,3,270,-40,1,1
3,8,231,281,256,120,116,-2,6,242,144,-3,7,25,43,-1,4,165,88,-1,5,308,-18,-2,1,224,54,-2,4,120,20,2,3,271,-39,1,1
3,8,231,281,256,118,122,-2,6,239,151,-3,7,24,47,-1,4,164,93,-1,5,306,-17,-2,1,222,58,-2,4,122,23,2,3,272,-38,1,1
3,0,231,281,256,116,128,-2,6,23,51,-1,4,163,98,-1,5,304,-16,-2,1,220,62,-2,4,124,26,2,3,273,-37,1,1,51,-70,-1,4
3,-8,223,273,248,114,134,-2,6,22,55,-1,4,162,103,-1,5,302,-15,-2,1,218,66,-2,4,126,29,2,3,274,-36,1,1,50,-66,-1,4
3,-8,215,265,240,112,140,-2,6,21,59,-1,4,161,108,-1,5,300,-14,-2,1,216,70,-2,4,128,32,2,3,275,-35,1,1,49,-62,-1,4
3,-8,207,257,232,110,146,-2,6,20,63,-1,4,160,113,-1,5,298,-13,-2,1,214,74,-2,4,130,35,2,3,276,-34,1,1,48,-58,-1,4
3,-8,207,257,232,108,152,-2,6,19,67,-1,4,159,118,-1,5,296,-12,-2,1,212,78,-2,4,132,38,2,3,277,-33,1,1,47,-54,-1,4
3,-8,199,249,224,106,158,-2,6,18,71,-1,4,158,123,-1,5,294,-11,-2,1,210,82,-2,4,134,41,2,3,278,-32,1,1,46,-50,-1,4
3,-8,199,249,224,104,164,-2,6,17,75,-1,4,157,128,-1,5,292,-10,-2,1,208,86,-2,4,136,44,2,3,279,-31,1,1,45,-46,-1,4
3,0,199,249,224,102,170,-2,6,16,79,-1,4,156,133,-1,5,290,-9,-2,1,206,90,-2,4,138,47,2,3,280,-30,1,1,44,-42,-1,4
3,0,199,249,224,100,176,-2,6,15,83,-1,4,155,138,-1,5,288,-8,-2,1,140,50,2,3,281,-29,1,1,43,-38,-1,4,222,-48,-1,2
3,8,207,257,232,98,182,-2,6,14,87,-1,4,154,143,-1,5,286,-7,-2,1,142,53,2,3,282,-28,1,1,42,-34,-1,4,221,-46,-1,2
3,-8,199,249,224,96,188,-2,6,13,91,-1,4,153,148,-1,5,284,-6,-2,1,144,56,2,3,283,-27,1,1,41,-30,-1,4,220,-44,-1,2
3,0,199,249,224,94,194,-2,6,12,95,-1,4,152,153,-1,5,282,-5,-2,1,146,59,2,3,284,-26,1,1,40,-26,-1,4,219,-42,-1,2
3,8,207,257,232,92,200,-2,6,11,99,-1,4,151,158,-1,5,280,-4,-2,1,148,62,2,3,285,-25,1,1,39,-22,-1,4,218,-40,-1,2
3,8,207,257,232,90,206,-2,6,10,103,-1,4,150,163,-1,5,278,-3,-2,1,150,65,2,3,286,-24,1,1,38,-18,-1,4,217,-38,-1,2
3,8,207,257,232,88,212,-2,6,9,107,-1,4,149,168,-1,5,276,-2,-2,1,152,68,2,3,287,-23,1,1,37,-14,-1,4,216,-36,-1,2
3,0,207,257,232,86,218,-2,6,8,111,-1,4,148,173,-1,5,274,-1,-2,1,154,71,2,3,288,-22,1,1,36,-10,-1,4,215,-34,-1,2
3,0,207,257,232,84,224,-2,6,7,115,-1,4,147,178,-1,5,272,0,-2,1,156,74,2,3,289,-21,1,1,35,-6,-1,4,214,-32,-1,2
3,0,207,257,232,82,230,-2,6,6,119,-1,4,146,183,-1,5,270,1,-2,1,158,77,2,3,290,-20,1,1,34,-2,-1,4,213,-30,-1,2
3,0,207,257,232,80,236,-2,6,5,123,-1,4,145,188,-1,5,268,2,-2,1,160,80,2,3,291,-19,1,1,33,2,-1,4,212,-28,-1,2
3,0,207,257,232,78,242,-2,6,4,127,-1,4,144,193,-1,5,266,3,-2,1,162,83,2,3,292,-18,1,1,32,6,-1,4,211,-26,-1,2
3,8,215,265,240,76,248,-2,6,3,131,-1,4,143,198,-1,5,264,4,-2,1,164,86,2,3,293,-17,1,1,31,10,-1,4,210,-24,-1,2
3,-8,207,257,232,74,254,-2,6,2,135,-1,4,142,203,-1,5,262,5,-2,1,166,89,2,3,294,-16,1,1,30,14,-1,4,247,-90,-3,6
3,0,207,257,232,72,260,-2,6,1,139,-1,4,141,208,-1,5,260,6,-2,1,168,92,2,3,295,-15,1,1,29,18,-1,4,244,-84,-3,6
3,-8,199,249,224,70,266,-2,6,0,143,-1,4,140,213,-1,5,258,7,-2,1,170,95,2,3,296,-14,1,1,28,22,-1,4,241,-78,-3,6
3,-8,199,249,224,68,272,-2,6,-1,147,-1,4,139,218,-1,5,256,8,-2,1,172,98,2,3,297,-13,1,1,27,26,-1,4,238,-72,-3,6
3,-8,191,241,216,66,278,-2,6,-2,151,-1,4,138,223,-1,5,254,9,-2,1,174,101,2,3,298,-12,1,1,26,30,-1,4,235,-66,-3,6
3,-8,191,241,216,64,284,-2,6,-3,155,-1,4,137,228,-1,5,252,10,-2,1,176,104,2,3,299,-11,1,1,25,34,-1,4,232,-60,-3,6
3,8,199,249,224,62,290,-2,6,-4,159,-1,4,136,233,-1,5,250,11,-2,1,178,107,2,3,300,-10,1,1,24,38,-1,4,347,-91,-3,1
3,-8,191,241,216,60,296,-2,6,-5,163,-1,4,135,238,-1,5,180,110,2,3,301,-9,1,1,23,42,-1,4,344,-90,-3,1,204,-72,-2,3
3,0,191,241,216,58,302,-2,6,-6,167,-1,4,134,243,-1,5,182,113,2,3,302,-8,1,1,22,46,-1,4,341,-89,-3,1,202,-69,-2,3
3,0,191,241,216,56,308,-2,6,-7,171,-1,4,133,248,-1,5,184,116,2,3,303,-7,1,1,21,50,-1,4,338,-88,-3,1,200,-66,-2,3
3,0,191,241,216,54,314,-2,6,-8,175,-1,4,132,253,-1,5,186,119,2,3,304,-6,1,1,20,54,-1,4,335,-87,-3,1,198,-63,-2,3
3,0,191,241,216,52,320,-2,6,-9,179,-1,4,131,258,-1,5,188,122,2,3,305,-5,1,1,19,58,-1,4,332,-86,-3,1,196,-60,-2,3
3,8,199,249,224,50,326,-2,6,-10,183,-1,4,130,263,-1,5,190,125,2,3,306,-4,1,1,18,62,-1,4,329,-85,-3,1,194,-57,-2,3
3,8,207,257,232,48,332,-2,6,-11,187,-1,4,129,268,-1,5,192,128,2,3,307,-3,1,1,17,66,-1,4,326,-84,-3,1,192,-54,-2,3
3,8,215,265,240,46,338,-2,6,-12,191,-1,4,128,273,-1,5,194,131,2,3,308,-2,1,1,16,70,-1,4,323,-83,-3,1,190,-51,-2,3
3,8,215,265,240,44,344,-2,6,-13,195,-1,4,127,278,-1,5,309,-1,1,1,15,74,-1,4,320,-82,-3,1,188,-48,-2,3,267,-100,1,3
3,-8,207,257,232,42,350,-2,6,-14,199,-1,4,126,283,-1,5,310,0,1,1,14,78,-1,4,317,-81,-3,1,186,-45,-2,3,268,-97,1,3
3,0,207,257,232,40,356,-2,6,-15,203,-1,4,125,288,-1,5,311,1,1,1,13,82,-1,4,314,-80,-3,1,184,-42,-2,3,269,-94,1,3
3,8,215,265,240,38,362,-2,6,-16,207,-1,4,124,293,-1,5,312,2,1,1,12,86,-1,4,311,-79,-3,1,182,-39,-2,3,270,-91,1,3
3,8,223,273,248,36,368,-2,6,-17,211,-1,4,123,298,-1,5,313,3,1,1,11,90,-1,4,308,-78,-3,1,180,-36,-2,3,271,-88,1,3
3,-8,215,265,240,34,374,-2,6,-18,215,-1,4,122,303,-1,5,314,4,1,1,10,94,-1,4,305,-77,-3,1,178,-33,-2,3,272,-85,1,3
3,0,215,265,240,32,380,-2,6,-19,219,-1,4,121,308,-1,5,315,5,1,1,9,98,-1,4,302,-76,-3,1,176,-30,-2,3,273,-82,1,3
3,8,223,273,248,30,386,-2,6,-20,223,-1,4,120,313,-1,5,316,6,1,1,8,102,-1,4,299,-75,-3,1,174,-27,-2,3,274,-79,1,3
3,0,223,273,248,28,392,-2,6,-21,227,-1,4,119,318,-1,5,317,7,1,1,7,106,-1,4,296,-74,-3,1,172,-24,-2,3,275,-76,1,3
3,0,223,273,248,26,398,-2,6,-22,231,-1,4,118,323,-1,5,318,8,1,1,6,110,-1,4,293,-73,-3,1,170,-21,-2,3,276,-73,1,3
3,0,223,273,248,24,404,-2,6,-23,235,-1,4,117,328,-1,5,319,9,1,1,5,114,-1,4,290,-72,-3,1,168,-18,-2,3,277,-70,1,3
3,8,231,281,256,22,410,-2,6,-24,239,-1,4,116,333,-1,5,320,10,1,1,4,118,-1,4,287,-71,-3,1,166,-15,-2,3,278,-67,1,3
3,-8,223,273,248,20,416,-2,6,-25,243,-1,4,115,338,-1,5,321,11,1,1,3,122,-1,4,284,-70,-3,1,164,-12,-2,3,279,-64,1,3
3,-8,223,273,248,18,422,-2,6,147,-88,-1,6,114,343,-1,5,322,12,1,1,2,126,-1,4,281,-69,-3,1,162,-9,-2,3,280,-61,1,3
3,-8,215,265,240,16,428,-2,6,146,-82,-1,6,113,348,-1,5,323,13,1,1,1,130,-1,4,278,-68,-3,1,160,-6,-2,3,281,-58,1,3
3,0,215,265,240,14,434,-2,6,145,-76,-1,6,112,353,-1,5,324,14,1,1,0,134,-1,4,275,-67,-3,1,158,-3,-2,3,282,-55,1,3
3,-8,207,257,232,12,440,-2,6,144,-70,-1,6,111,358,-1,5,325,15,1,1,-1,138,-1,4,272,-66,-3,1,156,0,-2,3,283,-52,1,3
3,0,207,257,232,10,446,-2,6,143,-64,-1,6,110,363,-1,5,326,16,1,1,-2,142,-1,4,269,-65,-3,1,154,3,-2,3,284,-49,1,3
3,0,207,257,232,8,452,-2,6,142,-58,-1,6,109,368,-1,5,327,17,1,1,-3,146,-1,4,266,-64,-3,1,152,6,-2,3,285,-46,1,3
3,0,207,257,232,6,458,-2,6,141,-52,-1,6,108,373,-1,5,328,18,1,1,-4,150,-1,4,263,-63,-3,1,150,9,-2,3,286,-43,1,3
3,8,215,265,240,4,464,-2,6,140,-46,-1,6,107,378,-1,5,329,19,1,1,-5,154,-1,4,260,-62,-3,1,148,12,-2,3,287,-40,1,3
3,8,223,273,248,2,470,-2,6,139,-40,-1,6,106,383,-1,5,330,20,1,1,-6,158,-1,4,257,-61,-3,1,146,15,-2,3,288,-37,1,3
3,8,223,273,248,0,476,-2,6,138,-34,-1,6,105,388,-1,5,331,21,1,1,-7,162,-1,4,254,-60,-3,1,144,18,-2,3,289,-34,1,3
3,8,231,281,256,-2,482,-2,6,137,-28,-1,6,104,393,-1,5,332,22,1,1,-8,166,-1,4,251,-59,-3,1,142,21,-2,3,290,-31,1,3
3,8,231,281,256,-4,488,-2,6,136,-22,-1,6,103,398,-1,5,333,23,1,1,-9,170,-1,4,248,-58,-3,1,140,24,-2,3,291,-28,1,3
3,-8,223,273,248,-6,494,-2,6,135,-16,-1,6,102,403,-1,5,334,24,1,1,-10,174,-1,4,245,-57,-3,1,138,27,-2,3,292,-25,1,3
3,-8,215,265,240,-8,500,-2,6,134,-10,-1,6,101,408,-1,5,335,25,1,1,-11,178,-1,4,242,-56,-3,1,136,30,-2,3,293,-22,1,3
3,-8,215,265,240,-10,506,-2,6,133,-4,-1,6,100,413,-1,5,336,26,1,1,-12,182,-1,4,239,-55,-3,1,134,33,-2,3,294,-19,1,3
3,-8,215,265,240,-12,512,-2,6,132,2,-1,6,99,418,-1,5,337,27,1,1,-13,186,-1,4,132,36,-2,3,295,-16,1,3,18,-55,0,1
3,0,215,265,240,-14,518,-2,6,131,8,-1,6,98,423,-1,5,338,28,1,1,-14,190,-1,4,130,39,-2,3,296,-13,1,3,18,-54,0,1
3,8,223,273,248,-16,524,-2,6,130,14,-1,6,97,428,-1,5,339,29,1,1,-15,194,-1,4,128,42,-2,3,297,-10,1,3,18,-53,0,1
3,0,223,273,248,-18,530,-2,6,129,20,-1,6,96,433,-1,5,340,30,1,1,-16,198,-1,4,126,45,-2,3,298,-7,1,3,18,-52,0,1
3,-8,215,265,240,-20,536,-2,6,128,26,-1,6,95,438,-1,5,341,31,1,1,-17,202,-1,4,124,48,-2,3,299,-4,1,3,18,-51,0,1
3,-8,207,257,232,-22,542,-2,6,127,32,-1,6,94,443,-1,5,342,32,1,1,-18,206,-1,4,122,51,-2,3,300,-1,1,3,18,-50,0,1
3,0,207,257,232,-24,548,-2,6,126,38,-1,6,93,448,-1,5,343,33,1,1,-19,210,-1,4,120,54,-2,3,301,2,1,3,18,-49,0,1
3,0,207,257,232,3,-55,-2,2,125,44,-1,6,92,453,-1,5,344,34,1,1,-20,214,-1,4,118,57,-2,3,302,5,1,3,18,-48,0,1
3,-8,199,249,224,1,-53,-2,2,124,50,-1,6,91,458,-1,5,345,35,1,1,-21,218,-1,4,116,60,-2,3,303,8,1,3,18,-47,0,1
3,-8,199,249,224,-1,-51,-2,2,123,56,-1,6,90,463,-1,5,346,36,1,1,-22,222,-1,4,114,63,-2,3,304,11,1,3,18,-46,0,1
3,-8,191,241,216,-3,-49,-2,2,122,62,-1,6,89,468,-1,5,347,37,1,1,-23,226,-1,4,112,66,-2,3,305,14,1,3,18,-45,0,1
3,8,199,249,224,-5,-47,-2,2,121,68,-1,6,88,473,-1,5,348,38,1,1,-24,230,-1,4,110,69,-2,3,306,17,1,3,18,-44,0,1
3,-8,191,241,216,-7,-45,-2,2,120,74,-1,6,87,478,-1,5,349,39,1,1,-25,234,-1,4,108,72,-2,3,307,20,1,3,18,-43,0,1
3,0,191,241,216,-9,-43,-2,2,119,80,-1,6,86,483,-1,5,350,40,1,1,434,-67,-1,7,106,75,-2,3,308,23,1,3,18,-42,0,1
3,8,199,249,224,-11,-41,-2,2,118,86,-1,6,85,488,-1,5,351,41,1,1,433,-60,-1,7,104,78,-2,3,309,26,1,3,18,-41,0,1
3,-8,191,241,216,-13,-39,-2,2,117,92,-1,6,84,493,-1,5,352,42,1,1,432,-53,-1,7,102,81,-2,3,310,29,1,3,18,-40,0,1
3,0,191,241,216,-15,-37,-2,2,116,98,-1,6,83,498,-1,5,353,43,1,1,431,-46,-1,7,100,84,-2,3,311,32,1,3,18,-39,0,1
3,0,191,241,216,-17,-35,-2,2,115,104,-1,6,82,503,-1,5,354,44,1,1,430,-39,-1,7,98,87,-2,3,312,35,1,3,18,-38,0,1
3,8,199,249,224,-19,-33,-2,2,114,110,-1,6,81,508,-1,5,355,45,1,1,429,-32,-1,7,96,90,-2,3,313,38,1,3,18,-37,0,1
3,-8,191,241,216,-21,-31,-2,2,113,116,-1,6,80,513,-1,5,356,46,1,1,428,-25,-1,7,94,93,-2,3,314,41,1,3,18,-36,0,1
3,0,191,241,216,-23,-29,-2,2,112,122,-1,6,79,518,-1,5,357,47,1,1,427,-18,-1,7,92,96,-2,3,315,44,1,3,18,-35,0,1
3,-8,183,233,208,-25,-27,-2,2,111,128,-1,6,78,523,-1,5,358,48,1,1,426,-11,-1,7,90,99,-2,3,316,47,1,3,18,-34,0,1
3,8,191,241,216,316,-83,-2,5,110,134,-1,6,77,528,-1,5,359,49,1,1,425,-4,-1,7,88,102,-2,3,317,50,1,3,18,-33,0,1
3,8,191,241,216,314,-78,-2,5,109,140,-1,6,76,533,-1,5,360,50,1,1,424,3,-1,7,86,105,-2,3,318,53,1,3,18,-32,0,1
3,0,191,241,216,312,-73,-2,5,108,146,-1,6,75,538,-1,5,361,51,1,1,423,10,-1,7,84,108,-2,3,319,56,1,3,18,-31,0,1
3,-8,183,233,208,310,-68,-2,5,107,152,-1,6,74,543,-1,5,362,52,1,1,422,17,-1,7,82,111,-2,3,320,59,1,3,18,-30,0,1
3,8,191,241,216,308,-63,-2,5,106,158,-1,6,73,548,-1,5,363,53,1,1,421,24,-1,7,80,114,-2,3,321,62,1,3,18,-29,0,1
3,-8,183,233,208,306,-58,-2,5,105,164,-1,6,72,553,-1,5,364,54,1,1,420,31,-1,7,78,117,-2,3,322,65,1,3,18,-28,0,1
3,8,191,241,216,304,-53,-2,5,104,170,-1,6,71,558,-1,5,365,55,1,1,419,38,-1,7,76,120,-2,3,323,68,1,3,18,-27,0,1
3,8,199,249,224,302,-48,-2,5,103,176,-1,6,70,563,-1,5,366,56,1,1,418,45,-1,7,74,123,-2,3,324,71,1,3,18,-26,0,1
3,8,199,249,224,300,-43,-2,5,102,182,-1,6,69,568,-1,5,367,57,1,1,417,52,-1,7,72,126,-2,3,325,74,1,3,18,-25,0,1
3,0,199,249,224,298,-38,-2,5,101,188,-1,6,68,573,-1,5,368,58,1,1,416,59,-1,7,70,129,-2,3,326,77,1,3,18,-24,0,1
3,0,199,249,224,296,-33,-2,5,100,194,-1,6,67,578,-1,5,369,59,1,1,415,66,-1,7,68,132,-2,3,327,80,1,3,18,-23,0,1
3,0,199,249,224,294,-28,-2,5,99,200,-1,6,66,583,-1,5,370,60,1,1,414,73,-1,7,66,135,-2,3,328,83,1,3,18,-22,0,1
3,0,199,249,224,292,-23,-2,5,98,206,-1,6,65,588,-1,5,371,61,1,1,413,80,-1,7,64,138,-2,3,329,86,1,3,18,-21,0,1
3,-8,191,241,216,290,-18,-2,5,97,212,-1,6,64,593,-1,5,372,62,1,1,412,87,-1,7,62,141,-2,3,330,89,1,3,18,-20,0,1
3,8,199,249,224,288,-13,-2,5,96,218,-1,6,63,598,-1,5,373,63,1,1,411,94,-1,7,60,144,-2,3,331,92,1,3,18,-19,0,1
3,8,199,249,224,286,-8,-2,5,95,224,-1,6,62,603,-1,5,374,64,1,1,410,101,-1,7,58,147,-2,3,332,95,1,3,18,-18,0,1
3,-8,191,241,216,284,-3,-2,5,94,230,-1,6,61,608,-1,5,375,65,1,1,409,108,-1,7,56,150,-2,3,333,98,1,3,18,-17,0,1
3,8,199,249,224,282,2,-2,5,93,236,-1,6,426,-93,-1,1,376,66,1,1,408,115,-1,7,54,153,-2,3,334,101,1,3,18,-16,0,1
3,8,199,249,224,280,7,-2,5,92,242,-1,6,425,-92,-1,1,377,67,1,1,407,122,-1,7,52,156,-2,3,335,104,1,3,18,-15,0,1
3,8,199,249,224,278,12,-2,5,91,248,-1,6,424,-91,-1,1,378,68,1,1,406,129,-1,7,50,159,-2,3,336,107,1,3,18,-14,0,1
3,-8,191,241,216,276,17,-2,5,90,254,-1,6,423,-90,-1,1,379,69,1,1,405,136,-1,7,48,162,-2,3,337,110,1,3,18,-13,0,1
3,8,199,249,224,274,22,-2,5,89,260,-1,6,422,-89,-1,1,380,70,1,1,404,143,-1,7,46,165,-2,3,338,113,1,3,18,-12,0,1
3,8,207,257,232,272,27,-2,5,88,266,-1,6,421,-88,-1,1,381,71,1,1,403,150,-1,7,44,168,-2,3,339,116,1,3,18,-11,0,1
3,-8,199,249,224,270,32,-2,5,87,272,-1,6,420,-87,-1,1,382,72,1,1,402,157,-1,7,42,171,-2,3,340,119,1,3,18,-10,0,1
3,-8,199,249,224,268,37,-2,5,86,278,-1,6,419,-86,-1,1,383,73,1,1,401,164,-1,7,40,174,-2,3,341,122,1,3,18,-9,0,1
3,-8,191,241,216,266,42,-2,5,85,284,-1,6,418,-85,-1,1,384,74,1,1,400,171,-1,7,38,177,-2,3,342,125,1,3,18,-8,0,1
3,-8,191,241,216,264,47,-2,5,84,290,-1,6,417,-84,-1,1,385,75,1,1,399,178,-1,7,36,180,-2,3,343,128,1,3,18,-7,0,1
3,-8,191,241,216,262,52,-2,5,83,296,-1,6,416,-83,-1,1,386,76,1,1,398,185,-1,7,34,183,-2,3,344,131,1,3,18,-6,0,1
3,-8,183,233,208,260,57,-2,5,82,302,-1,6,415,-82,-1,1,387,77,1,1,397,192,-1,7,32,186,-2,3,345,134,1,3,18,-5,0,1
3,-8,183,233,208,258,62,-2,5,81,308,-1,6,414,-81,-1,1,388,78,1,1,396,199,-1,7,30,189,-2,3,346,137,1,3,18,-4,0,1
3,0,183,233,208,256,67,-2,5,80,314,-1,6,413,-80,-1,1,389,79,1,1,395,206,-1,7,28,192,-2,3,347,140,1,3,18,-3,0,1
3,8,191,241,216,254,72,-2,5,79,320,-1,6,412,-79,-1,1,390,80,1,1,394,213,-1,7,26,195,-2,3,348,143,1,3,18,-2,0,1
3,8,191,241,216,252,77,-2,5,78,326,-1,6,411,-78,-1,1,391,81,1,1,393,220,-1,7,24,198,-2,3,349,146,1,3,18,-1,0,1
3,0,191,241,216,250,82,-2,5,77,332,-1,6,410,-77,-1,1,392,82,1,1,392,227,-1,7,22,201,-2,3,350,149,1,3,18,0,0,1
3,8,199,249,224,248,87,-2,5,76,338,-1,6,409,-76,-1,1,393,83,1,1,391,234,-1,7,20,204,-2,3,351,152,1,3,18,1,0,1
3,8,207,257,232,246,92,-2,5,75,344,-1,6,408,-75,-1,1,394,84,1,1,390,241,-1,7,18,207,-2,3,352,155,1,3,18,2,0,1
3,0,207,257,232,244,97,-2,5,74,350,-1,6,407,-74,-1,1,395,85,1,1,389,248,-1,7,16,210,-2,3,353,158,1,3,18,3,0,1
3,0,207,257,232,242,102,-2,5,73,356,-1,6,406,-73,-1,1,396,86,1,1,388,255,-1,7,14,213,-2,3,354,161,1,3,18,4,0,1
3,0,207,257,232,240,107,-2,5,72,362,-1,6,405,-72,-1,1,397,87,1,1,387,262,-1,7,12,216,-2,3,355,164,1,3,18,5,0,1
3,0,207,257,232,238,112,-2,5,71,368,-1,6,404,-71,-1,1,398,88,1,1,386,269,-1,7,10,219,-2,3,356,167,1,3,18,6,0,1
3,-8,199,249,224,236,117,-2,5,70,374,-1,6,403,-70,-1,1,399,89,1,1,385,276,-1,7,8,222,-2,3,357,170,1,3,18,7,0,1
3,0,199,249,224,234,122,-2,5,69,380,-1,6,402,-69,-1,1,400,90,1,1,384,283,-1,7,6,225,-2,3,358,173,1,3,18,8,0,1
3,0,199,249,224,232,127,-2,5,68,386,-1,6,401,-68,-1,1,401,91,1,1,383,290,-1,7,4,228,-2,3,359,176,1,3,18,9,0,1
3,8,207,257,232,67,392,-1,6,400,-67,-1,1,402,92,1,1,382,297,-1,7,2,231,-2,3,360,179,1,3,18,10,0,1,434,-87,2,6
3,-8,199,249,224,66,398,-1,6,399,-66,-1,1,403,93,1,1,381,304,-1,7,0,234,-2,3,361,182,1,3,18,11,0,1,436,-81,2,6
3,8,207,257,232,65,404,-1,6,398,-65,-1,1,404,94,1,1,380,311,-1,7,-2,237,-2,3,362,185,1,3,18,12,0,1,438,-75,2,6
3,8,215,265,240,64,410,-1,6,397,-64,-1,1,405,95,1,1,379,318,-1,7,-4,240,-2,3,363,188,1,3,18,13,0,1,440,-69,2,6
3,8,223,273,248,63,416,-1,6,396,-63,-1,1,406,96,1,1,378,325,-1,7,-6,243,-2,3,364,191,1,3,18,14,0,1,442,-63,2,6
3,0,223,273,248,62,422,-1,6,395,-62,-1,1,407,97,1,1,377,332,-1,7,-8,246,-2,3,365,194,1,3,18,15,0,1,444,-57,2,6
3,-8,215,265,240,61,428,-1,6,394,-61,-1,1,408,98,1,1,376,339,-1,7,-10,249,-2,3,366,197,1,3,18,16,0,1,446,-51,2,6
3,-8,215,265,240,60,434,-1,6,393,-60,-1,1,409,99,1,1,375,346,-1,7,-12,252,-2,3,367,200,1,3,18,17,0,1,448,-45,2,6
3,0,215,265,240,59,440,-1,6,392,-59,-1,1,410,100,1,1,374,353,-1,7,-14,255,-2,3,368,203,1,3,18,18,0,1,450,-39,2,6
3,8,223,273,248,58,446,-1,6,391,-58,-1,1,411,101,1,1,373,360,-1,7,-16,258,-2,3,369,206,1,3,18,19,0,1,452,-33,2,6
3,0,223,273,248,57,452,-1,6,390,-57,-1,1,412,102,1,1,372,367,-1,7,-18,261,-2,3,370,209,1,3,18,20,0,1,454,-27,2,6
3,8,231,281,256,56,458,-1,6,389,-56,-1,1,413,103,1,1,371,374,-1,7,-20,264,-2,3,371,212,1,3,18,21,0,1,456,-21,2,6
3,-8,223,273,248,55,464,-1,6,388,-55,-1,1,414,104,1,1,370,381,-1,7,-22,267,-2,3,372,215,1,3,18,22,0,1,226,-53,1,3
3,0,223,273,248,54,470,-1,6,387,-54,-1,1,415,105,1,1,369,388,-1,7,-24,270,-2,3,373,218,1,3,18,23,0,1,227,-50,1,3
3,0,223,273,248,53,476,-1,6,386,-53,-1,1,416,106,1,1,368,395,-1,7,173,-50,-2,6,374,221,1,3,18,24,0,1,228,-47,1,3
3,0,223,273,248,52,482,-1,6,385,-52,-1,1,417,107,1,1,367,402,-1,7,171,-44,-2,6,375,224,1,3,18,25,0,1,229,-44,1,3
3,-8,215,265,240,51,488,-1,6,384,-51,-1,1,418,108,1,1,366,409,-1,7,169,-38,-2,6,376,227,1,3,18,26,0,1,230,-41,1,3
3,8,223,273,248,50,494,-1,6,383,-50,-1,1,419,109,1,1,365,416,-1,7,167,-32,-2,6,377,230,1,3,18,27,0,1,231,-38,1,3
3,-8,215,265,240,49,500,-1,6,382,-49,-1,1,420,110,1,1,364,423,-1,7,165,-26,-2,6,378,233,1,3,18,28,0,1,232,-35,1,3
3,-8,215,265,240,48,506,-1,6,381,-48,-1,1,421,111,1,1,363,430,-1,7,163,-20,-2,6,379,236,1,3,18,29,0,1,233,-32,1,3
3,-8,215,265,240,47,512,-1,6,380,-47,-1,1,422,112,1,1,362,437,-1,7,161,-14,-2,6,380,239,1,3,18,30,0,1,234,-29,1,3
3,-8,207,257,232,46,518,-1,6,379,-46,-1,1,423,113,1,1,361,444,-1,7,159,-8,-2,6,381,242,1,3,18,31,0,1,235,-26,1,3
3,-8,207,257,232,45,524,-1,6,378,-45,-1,1,424,114,1,1,360,451,-1,7,157,-2,-2,6,382,245,1,3,18,32,0,1,236,-23,1,3
3,-8,199,249,224,44,530,-1,6,377,-44,-1,1,425,115,1,1,359,458,-1,7,155,4,-2,6,383,248,1,3,18,33,0,1,237,-20,1,3
3,8,207,257,232,43,536,-1,6,376,-43,-1,1,426,116,1,1,358,465,-1,7,153,10,-2,6,384,251,1,3,18,34,0,1,238,-17,1,3
3,-8,199,249,224,42,542,-1,6,375,-42,-1,1,427,117,1,1,357,472,-1,7,151,16,-2,6,385,254,1,3,18,35,0,1,239,-14,1,3
3,-8,191,241,216,41,548,-1,6,374,-41,-1,1,428,118,1,1,356,479,-1,7,149,22,-2,6,386,257,1,3,18,36,0,1,240,-11,1,3
3,0,191,241,216,40,554,-1,6,373,-40,-1,1,429,119,1,1,355,486,-1,7,147,28,-2,6,387,260,1,3,18,37,0,1,241,-8,1,3
3,-8,183,233,208,39,560,-1,6,372,-39,-1,1,430,120,1,1,354,493,-1,7,145,34,-2,6,388,263,1,3,18,38,0,1,242,-5,1,3
3,0,183,233,208,38,566,-1,6,371,-38,-1,1,431,121,1,1,353,500,-1,7,143,40,-2,6,389,266,1,3,18,39,0,1,243,-2,1,3
3,0,183,233,208,37,572,-1,6,370,-37,-1,1,432,122,1,1,352,507,-1,7,141,46,-2,6,390,269,1,3,18,40,0,1,244,1,1,3
3,-8,175,225,200,36,578,-1,6,369,-36,-1,1,433,123,1,1,351,514,-1,7,139,52,-2,6,391,272,1,3,18,41,0,1,245,4,1,3
3,8,183,233,208,35,584,-1,6,368,-35,-1,1,434,124,1,1,350,521,-1,7,137,58,-2,6,392,275,1,3,18,42,0,1,246,7,1,3
3,8,191,241,216,34,590,-1,6,367,-34,-1,1,435,125,1,1,349,528,-1,7,135,64,-2,6,393,278,1,3,18,43,0,1,247,10,1,3
3,8,199,249,224,33,596,-1,6,366,-33,-1,1,436,126,1,1,348,535,-1,7,133,70,-2,6,394,281,1,3,18,44,0,1,248,13,1,3
3,8,199,249,224,32,602,-1,6,365,-32,-1,1,437,127,1,1,347,542,-1,7,131,76,-2,6,395,284,1,3,18,45,0,1,249,16,1,3
3,0,199,249,224,31,608,-1,6,364,-31,-1,1,438,128,1,1,346,549,-1,7,129,82,-2,6,396,287,1,3,18,46,0,1,250,19,1,3
3,-8,191,241,216,125,-43,-1,3,363,-30,-1,1,439,129,1,1,345,556,-1,7,127,88,-2,6,397,290,1,3,18,47,0,1,251,22,1,3
3,0,191,241,216,124,-40,-1,3,362,-29,-1,1,440,130,1,1,344,563,-1,7,125,94,-2,6,398,293,1,3,18,48,0,1,252,25,1,3
3,0,191,241,216,123,-37,-1,3,361,-28,-1,1,441,131,1,1,343,570,-1,7,123,100,-2,6,399,296,1,3,18,49,0,1,253,28,1,3
3,8,199,249,224,122,-34,-1,3,360,-27,-1,1,442,132,1,1,342,577,-1,7,121,106,-2,6,400,299,1,3,18,50,0,1,254,31,1,3
3,8,207,257,232,121,-31,-1,3,359,-26,-1,1,443,133,1,1,341,584,-1,7,119,112,-2,6,401,302,1,3,18,51,0,1,255,34,1,3
3,8,207,257,232,120,-28,-1,3,358,-25,-1,1,444,134,1,1,340,591,-1,7,117,118,-2,6,402,305,1,3,18,52,0,1,256,37,1,3
3,8,207,257,232,119,-25,-1,3,357,-24,-1,1,445,135,1,1,339,598,-1,7,115,124,-2,6,403,308,1,3,18,53,0,1,257,40,1,3
3,8,215,265,240,118,-22,-1,3,356,-23,-1,1,446,136,1,1,338,605,-1,7,113,130,-2,6,404,311,1,3,18,54,0,1,258,43,1,3
3,-8,207,257,232,117,-19,-1,3,355,-22,-1,1,447,137,1,1,69,-50,-1,4,111,136,-2,6,405,314,1,3,18,55,0,1,259,46,1,3
3,0,207,257,232,116,-16,-1,3,354,-21,-1,1,448,138,1,1,68,-46,-1,4,109,142,-2,6,406,317,1,3,18,56,0,1,260,49,1,3
3,0,207,257,232,115,-13,-1,3,353,-20,-1,1,449,139,1,1,67,-42,-1,4,107,148,-2,6,407,320,1,3,18,57,0,1,261,52,1,3
3,-8,199,249,224,114,-10,-1,3,352,-19,-1,1,450,140,1,1,66,-38,-1,4,105,154,-2,6,408,323,1,3,18,58,0,1,262,55,1,3
3,-8,191,241,216,113,-7,-1,3,351,-18,-1,1,451,141,1,1,65,-34,-1,4,103,160,-2,6,409,326,1,3,18,59,0,1,263,58,1,3
3,-8,183,233,208,112,-4,-1,3,350,-17,-1,1,452,142,1,1,64,-30,-1,4,101,166,-2,6,410,329,1,3,18,60,0,1,264,61,1,3
3,8,191,241,216,111,-1,-1,3,349,-16,-1,1,453,143,1,1,63,-26,-1,4,99,172,-2,6,411,332,1,3,18,61,0,1,265,64,1,3
3,0,191,241,216,110,2,-1,3,348,-15,-1,1,454,144,1,1,62,-22,-1,4,97,178,-2,6,412,335,1,3,18,62,0,1,266,67,1,3
3,8,199,249,224,109,5,-1,3,347,-14,-1,1,455,145,1,1,61,-18,-1,4,95,184,-2,6,413,338,1,3,18,63,0,1,267,70,1,3
3,8,207,257,232,108,8,-1,3,346,-13,-1,1,456,146,1,1,60,-14,-1,4,93,190,-2,6,414,341,1,3,18,64,0,1,268,73,1,3
3,0,207,257,232,107,11,-1,3,345,-12,-1,1,457,147,1,1,59,-10,-1,4,91,196,-2,6,415,344,1,3,18,65,0,1,269,76,1,3
3,8,215,265,240,106,14,-1,3,344,-11,-1,1,103,-77,1,7,58,-6,-1,4,89,202,-2,6,416,347,1,3,18,66,0,1,270,79,1,3
3,8,223,273,248,105,17,-1,3,343,-10,-1,1,104,-70,1,7,57,-2,-1,4,87,208,-2,6,417,350,1,3,18,67,0,1,271,82,1,3
3,8,231,281,256,104,20,-1,3,342,-9,-1,1,105,-63,1,7,56,2,-1,4,85,214,-2,6,418,353,1,3,18,68,0,1,272,85,1,3
3,8,231,281,256,103,23,-1,3,341,-8,-1,1,106,-56,1,7,55,6,-1,4,83,220,-2,6,419,356,1,3,18,69,0,1,273,88,1,3
3,8,231,281,256,102,26,-1,3,340,-7,-1,1,107,-49,1,7,54,10,-1,4,81,226,-2,6,420,359,1,3,18,70,0,1,274,91,1,3
3,8,231,281,256,101,29,-1,3,339,-6,-1,1,108,-42,1,7,53,14,-1,4,79,232,-2,6,421,362,1,3,18,71,0,1,275,94,1,3
3,-8,223,273,248,100,32,-1,3,338,-5,-1,1,109,-35,1,7,52,18,-1,4,77,238,-2,6,422,365,1,3,18,72,0,1,276,97,1,3
3,-8,215,265,240,99,35,-1,3,337,-4,-1,1,110,-28,1,7,51,22,-1,4,75,244,-2,6,423,368,1,3,18,73,0,1,277,100,1,3
3,0,215,265,240,98,38,-1,3,336,-3,-1,1,111,-21,1,7,50,26,-1,4,73,250,-2,6,424,371,1,3,18,74,0,1,278,103,1,3
3,0,215,265,240,97,41,-1,3,335,-2,-1,1,112,-14,1,7,49,30,-1,4,71,256,-2,6,425,374,1,3,18,75,0,1,279,106,1,3
3,-8,207,257,232,96,44,-1,3,334,-1,-1,1,113,-7,1,7,48,34,-1,4,69,262,-2,6,426,377,1,3,18,76,0,1,280,109,1,3
3,-8,207,257,232,95,47,-1,3,333,0,-1,1,114,0,1,7,47,38,-1,4,67,268,-2,6,427,380,1,3,18,77,0,1,281,112,1,3
3,-8,207,257,232,94,50,-1,3,332,1,-1,1,115,7,1,7,46,42,-1,4,65,274,-2,6,428,383,1,3,18,78,0,1,282,115,1,3
3,0,207,257,232,93,53,-1,3,331,2,-1,1,116,14,1,7,45,46,-1,4,63,280,-2,6,429,386,1,3,18,79,0,1,283,118,1,3
3,0,207,257,232,92,56,-1,3,330,3,-1,1,117,21,1,7,44,50,-1,4,61,286,-2,6,430,389,1,3,18,80,0,1,284,121,1,3
3,0,207,257,232,91,59,-1,3,329,4,-1,1,118,28,1,7,43,54,-1,4,59,292,-2,6,431,392,1,3,18,81,0,1,285,124,1,3
3,8,215,265,240,90,62,-1,3,328,5,-1,1,119,35,1,7,42,58,-1,4,57,298,-2,6,432,395,1,3,18,82,0,1,286,127,1,3
3,-8,207,257,232,89,65,-1,3,327,6,-1,1,120,42,1,7,41,62,-1,4,55,304,-2,6,433,398,1,3,18,83,0,1,287,130,1,3
3,0,207,257,232,88,68,-1,3,326,7,-1,1,121,49,1,7,40,66,-1,4,53,310,-2,6,434,401,1,3,18,84,0,1,288,133,1,3
3,0,207,257,232,87,71,-1,3,325,8,-1,1,122,56,1,7,39,70,-1,4,51,316,-2,6,435,404,1,3,18,85,0,1,289,136,1,3
3,-8,199,249,224,86,74,-1,3,324,9,-1,1,123,63,1,7,38,74,-1,4,49,322,-2,6,436,407,1,3,18,86,0,1,290,139,1,3
3,-8,199,249,224,85,77,-1,3,323,10,-1,1,124,70,1,7,37,78,-1,4,47,328,-2,6,437,410,1,3,18,87,0,1,291,142,1,3
3,-8,191,241,216,84,80,-1,3,322,11,-1,1,125,77,1,7,36,82,-1,4,45,334,-2,6,438,413,1,3,18,88,0,1,292,145,1,3
3,-8,183,233,208,83,83,-1,3,321,12,-1,1,126,84,1,7,35,86,-1,4,43,340,-2,6,439,416,1,3,18,89,0,1,293,148,1,3
3,0,183,233,208,82,86,-1,3,320,13,-1,1,127,91,1,7,34,90,-1,4,41,346,-2,6,440,419,1,3,18,90,0,1,294,151,1,3
3,0,183,233,208,81,89,-1,3,319,14,-1,1,128,98,1,7,33,94,-1,4,39,352,-2,6,441,422,1,3,18,91,0,1,295,154,1,3
3,0,183,233,208,80,92,-1,3,318,15,-1,1,129,105,1,7,32,98,-1,4,37,358,-2,6,442,425,1,3,18,92,0,1,296,157,1,3
3,0,183,233,208,79,95,-1,3,317,16,-1,1,130,112,1,7,31,102,-1,4,35,364,-2,6,443,428,1,3,18,93,0,1,297,160,1,3
3,8,191,241,216,78,98,-1,3,316,17,-1,1,131,119,1,7,30,106,-1,4,33,370,-2,6,444,431,1,3,18,94,0,1,298,163,1,3
3,0,191,241,216,77,101,-1,3,315,18,-1,1,132,126,1,7,29,110,-1,4,31,376,-2,6,445,434,1,3,18,95,0,1,299,166,1,3
3,-8,183,233,208,76,104,-1,3,314,19,-1,1,133,133,1,7,28,114,-1,4,29,382,-2,6,446,437,1,3,18,96,0,1,300,169,1,3
3,-8,175,225,200,75,107,-1,3,313,20,-1,1,134,140,1,7,27,118,-1,4,27,388,-2,6,447,440,1,3,18,97,0,1,301,172,1,3
3,-8,167,217,192,74,110,-1,3,312,21,-1,1,135,147,1,7,26,122,-1,4,25,394,-2,6,448,443,1,3,18,98,0,1,302,175,1,3
3,8,175,225,200,73,113,-1,3,311,22,-1,1,136,154,1,7,25,126,-1,4,23,400,-2,6,449,446,1,3,18,99,0,1,303,178,1,3
3,8,183,233,208,72,116,-1,3,310,23,-1,1,137,161,1,7,24,130,-1,4,21,406,-2,6,450,449,1,3,18,100,0,1,304,181,1,3
3,0,183,233,208,71,119,-1,3,309,24,-1,1,138,168,1,7,23,134,-1,4,19,412,-2,6,451,452,1,3,18,101,0,1,305,184,1,3
3,0,183,233,208,70,122,-1,3,308,25,-1,1,139,175,1,7,22,138,-1,4,17,418,-2,6,452,455,1,3,18,102,0,1,306,187,1,3
3,0,183,233,208,69,125,-1,3,307,26,-1,1,140,182,1,7,21,142,-1,4,15,424,-2,6,453,458,1,3,18,103,0,1,307,190,1,3
3,0,183,233,208,68,128,-1,3,306,27,-1,1,141,189,1,7,20,146,-1,4,13,430,-2,6,454,461,1,3,18,104,0,1,308,193,1,3
3,-8,175,225,200,67,131,-1,3,305,28,-1,1,142,196,1,7,19,150,-1,4,11,436,-2,6,455,464,1,3,18,105,0,1,309,196,1,3
3,-8,175,225,200,66,134,-1,3,304,29,-1,1,143,203,1,7,18,154,-1,4,9,442,-2,6,456,467,1,3,18,106,0,1,310,199,1,3
3,-8,167,217,192,65,137,-1,3,303,30,-1,1,144,210,1,7,17,158,-1,4,7,448,-2,6,457,470,1,3,18,107,0,1,311,202,1,3
3,-8,159,209,184,64,140,-1,3,302,31,-1,1,145,217,1,7,16,162,-1,4,5,454,-2,6,136,-92,1,2,18,108,0,1,312,205,1,3
3,-8,151,201,176,63,143,-1,3,301,32,-1,1,146,224,1,7,15,166,-1,4,3,460,-2,6,137,-90,1,2,18,109,0,1,313,208,1,3
3,0,151,201,176,62,146,-1,3,300,33,-1,1,147,231,1,7,14,170,-1,4,1,466,-2,6,138,-88,1,2,18,110,0,1,314,211,1,3
3,8,159,209,184,61,149,-1,3,299,34,-1,1,148,238,1,7,13,174,-1,4,-1,472,-2,6,139,-86,1,2,18,111,0,1,315,214,1,3
3,-8,151,201,176,60,152,-1,3,298,35,-1,1,149,245,1,7,12,178,-1,4,-3,478,-2,6,140,-84,1,2,18,112,0,1,316,217,1,3
3,-8,143,193,168,59,155,-1,3,297,36,-1,1,150,252,1,7,11,182,-1,4,-5,484,-2,6,141,-82,1,2,18,113,0,1,317,220,1,3
3,-8,143,193,168,58,158,-1,3,296,37,-1,1,151,259,1,7,10,186,-1,4,-7,490,-2,6,142,-80,1,2,18,114,0,1,318,223,1,3
3,8,151,201,176,57,161,-1,3,295,38,-1,1,152,266,1,7,9,190,-1,4,-9,496,-2,6,143,-78,1,2,18,115,0,1,319,226,1,3
3,0,151,201,176,56,164,-1,3,294,39,-1,1,153,273,1,7,8,194,-1,4,-11,502,-2,6,144,-76,1,2,18,116,0,1,320,229,1,3
3,-8,143,193,168,55,167,-1,3,293,40,-1,1,154,280,1,7,7,198,-1,4,-13,508,-2,6,145,-74,1,2,18,117,0,1,321,232,1,3
3,8,151,201,176,54,170,-1,3,292,41,-1,1,155,287,1,7,6,202,-1,4,-15,514,-2,6,146,-72,1,2,18,118,0,1,322,235,1,3
3,0,151,201,176,53,173,-1,3,291,42,-1,1,156,294,1,7,5,206,-1,4,-17,520,-2,6,147,-70,1,2,18,119,0,1,323,238,1,3
3,8,159,209,184,52,176,-1,3,290,43,-1,1,157,301,1,7,4,210,-1,4,-19,526,-2,6,148,-68,1,2,18,120,0,1,324,241,1,3
3,8,167,217,192,51,179,-1,3,289,44,-1,1,3,214,-1,4,-21,532,-2,6,149,-66,1,2,18,121,0,1,325,244,1,3,351,-79,0,6
3,8,175,225,200,50,182,-1,3,288,45,-1,1,2,218,-1,4,-23,538,-2,6,150,-64,1,2,18,122,0,1,326,247,1,3,351,-73,0,6
3,-8,167,217,192,49,185,-1,3,287,46,-1,1,1,222,-1,4,-25,544,-2,6,151,-62,1,2,18,123,0,1,327,250,1,3,351,-67,0,6
3,8,175,225,200,48,188,-1,3,286,47,-1,1,0,226,-1,4,392,-65,-2,7,152,-60,1,2,18,124,0,1,328,253,1,3,351,-61,0,6
3,8,183,233,208,47,191,-1,3,285,48,-1,1,-1,230,-1,4,390,-58,-2,7,153,-58,1,2,18,125,0,1,329,256,1,3,351,-55,0,6
3,-8,175,225,200,46,194,-1,3,284,49,-1,1,-2,234,-1,4,388,-51,-2,7,154,-56,1,2,18,126,0,1,330,259,1,3,351,-49,0,6
3,8,183,233,208,45,197,-1,3,283,50,-1,1,-3,238,-1,4,386,-44,-2,7,155,-54,1,2,18,127,0,1,331,262,1,3,351,-43,0,6
3,8,191,241,216,44,200,-1,3,282,51,-1,1,-4,242,-1,4,384,-37,-2,7,156,-52,1,2,18,128,0,1,332,265,1,3,351,-37,0,6
3,8,199,249,224,43,203,-1,3,281,52,-1,1,-5,246,-1,4,382,-30,-2,7,157,-50,1,2,18,129,0,1,333,268,1,3,351,-31,0,6
3,-8,191,241,216,42,206,-1,3,280,53,-1,1,-6,250,-1,4,380,-23,-2,7,158,-48,1,2,18,130,0,1,334,271,1,3,351,-25,0,6
3,-8,183,233,208,41,209,-1,3,279,54,-1,1,-7,254,-1,4,378,-16,-2,7,159,-46,1,2,18,131,0,1,335,274,1,3,351,-19,0,6
3,0,183,233,208,40,212,-1,3,278,55,-1,1,-8,258,-1,4,376,-9,-2,7,160,-44,1,2,18,132,0,1,336,277,1,3,351,-13,0,6
3,0,183,233,208,39,215,-1,3,277,56,-1,1,-9,262,-1,4,374,-2,-2,7,161,-42,1,2,18,133,0,1,337,280,1,3,351,-7,0,6
3,0,183,233,208,38,218,-1,3,276,57,-1,1,-10,266,-1,4,372,5,-2,7,162,-40,1,2,18,134,0,1,338,283,1,3,351,-1,0,6
3,0,183,233,208,37,221,-1,3,275,58,-1,1,-11,270,-1,4,370,12,-2,7,163,-38,1,2,18,135,0,1,339,286,1,3,351,5,0,6
3,-8,175,225,200,36,224,-1,3,274,59,-1,1,-12,274,-1,4,368,19,-2,7,164,-36,1,2,18,136,0,1,340,289,1,3,351,11,0,6
3,8,183,233,208,35,227,-1,3,273,60,-1,1,-13,278,-1,4,366,26,-2,7,165,-34,1,2,18,137,0,1,341,292,1,3,351,17,0,6
3,-8,175,225,200,34,230,-1,3,272,61,-1,1,-14,282,-1,4,364,33,-2,7,166,-32,1,2,18,138,0,1,342,295,1,3,351,23,0,6
3,-8,167,217,192,33,233,-1,3,271,62,-1,1,-15,286,-1,4,362,40,-2,7,18,139,0,1,343,298,1,3,351,29,0,6,177,-84,-1,4
3,0,167,217,192,32,236,-1,3,270,63,-1,1,-16,290,-1,4,360,47,-2,7,18,140,0,1,344,301,1,3,351,35,0,6,350,-83,-3,6
3,0,167,217,192,31,239,-1,3,269,64,-1,1,-17,294,-1,4,358,54,-2,7,18,141,0,1,345,304,1,3,351,41,0,6,347,-77,-3,6
3,-8,159,209,184,30,242,-1,3,268,65,-1,1,-18,298,-1,4,356,61,-2,7,18,142,0,1,346,307,1,3,351,47,0,6,344,-71,-3,6
3,-8,151,201,176,29,245,-1,3,267,66,-1,1,-19,302,-1,4,354,68,-2,7,18,143,0,1,347,310,1,3,351,53,0,6,341,-65,-3,6
3,-8,143,193,168,28,248,-1,3,266,67,-1,1,-20,306,-1,4,352,75,-2,7,18,144,0,1,348,313,1,3,351,59,0,6,338,-59,-3,6
3,0,143,193,168,27,251,-1,3,265,68,-1,1,-21,310,-1,4,350,82,-2,7,18,145,0,1,349,316,1,3,351,65,0,6,335,-53,-3,6
3,-8,135,185,160,26,254,-1,3,264,69,-1,1,-22,314,-1,4,348,89,-2,7,18,146,0,1,350,319,1,3,351,71,0,6,332,-47,-3,6
3,-8,135,185,160,25,257,-1,3,263,70,-1,1,-23,318,-1,4,346,96,-2,7,18,147,0,1,351,322,1,3,351,77,0,6,329,-41,-3,6
3,-8,127,177,152,24,260,-1,3,262,71,-1,1,-24,322,-1,4,344,103,-2,7,18,148,0,1,352,325,1,3,351,83,0,6,326,-35,-3,6
3,0,127,177,152,23,263,-1,3,261,72,-1,1,-25,326,-1,4,342,110,-2,7,18,149,0,1,353,328,1,3,351,89,0,6,323,-29,-3,6
3,8,135,185,160,22,266,-1,3,260,73,-1,1,0,-43,-1,5,340,117,-2,7,18,150,0,1,354,331,1,3,351,95,0,6,320,-23,-3,6
3,-8,127,177,152,21,269,-1,3,259,74,-1,1,-1,-38,-1,5,338,124,-2,7,18,151,0,1,355,334,1,3,351,101,0,6,317,-17,-3,6
3,-8,119,169,144,20,272,-1,3,258,75,-1,1,-2,-33,-1,5,336,131,-2,7,18,152,0,1,356,337,1,3,351,107,0,6,314,-11,-3,6
3,-8,111,161,136,19,275,-1,3,257,76,-1,1,-3,-28,-1,5,334,138,-2,7,18,153,0,1,357,340,1,3,351,113,0,6,311,-5,-3,6
3,0,111,161,136,18,278,-1,3,256,77,-1,1,-4,-23,-1,5,332,145,-2,7,18,154,0,1,358,343,1,3,351,119,0,6,308,1,-3,6
3,-8,103,153,128,17,281,-1,3,255,78,-1,1,-5,-18,-1,5,330,152,-2,7,18,155,0,1,359,346,1,3,351,125,0,6,305,7,-3,6
3,0,103,153,128,16,284,-1,3,254,79,-1,1,-6,-13,-1,5,328,159,-2,7,18,156,0,1,360,349,1,3,351,131,0,6,302,13,-3,6
3,-8,95,145,120,15,287,-1,3,253,80,-1,1,-7,-8,-1,5,326,166,-2,7,18,157,0,1,361,352,1,3,351,137,0,6,299,19,-3,6
3,-8,87,137,112,14,290,-1,3,252,81,-1,1,-8,-3,-1,5,324,173,-2,7,18,158,0,1,362,355,1,3,351,143,0,6,296,25,-3,6
3,0,87,137,112,13,293,-1,3,251,82,-1,1,-9,2,-1,5,322,180,-2,7,18,159,0,1,363,358,1,3,351,149,0,6,293,31,-3,6
3,0,87,137,112,12,296,-1,3,250,83,-1,1,-10,7,-1,5,320,187,-2,7,18,160,0,1,364,361,1,3,351,155,0,6,290,37,-3,6
3,0,87,137,112,11,299,-1,3,249,84,-1,1,-11,12,-1,5,318,194,-2,7,18,161,0,1,365,364,1,3,351,161,0,6,287,43,-3,6
3,-8,79,129,104,10,302,-1,3,248,85,-1,1,-12,17,-1,5,316,201,-2,7,18,162,0,1,366,367,1,3,351,167,0,6,284,49,-3,6
3,8,87,137,112,9,305,-1,3,247,86,-1,1,-13,22,-1,5,314,208,-2,7,18,163,0,1,367,370,1,3,351,173,0,6,281,55,-3,6
3,8,87,137,112,8,308,-1,3,246,87,-1,1,-14,27,-1,5,312,215,-2,7,18,164,0,1,368,373,1,3,351,179,0,6,278,61,-3,6
3,8,95,145,120,7,311,-1,3,245,88,-1,1,-15,32,-1,5,310,222,-2,7,18,165,0,1,369,376,1,3,351,185,0,6,275,67,-3,6
3,8,103,153,128,6,314,-1,3,244,89,-1,1,-16,37,-1,5,308,229,-2,7,18,166,0,1,370,379,1,3,351,191,0,6,272,73,-3,6
3,-8,95,145,120,5,317,-1,3,243,90,-1,1,-17,42,-1,5,306,236,-2,7,18,167,0,1,371,382,1,3,351,197,0,6,269,79,-3,6
3,0,95,145,120,4,320,-1,3,242,91,-1,1,-18,47,-1,5,304,243,-2,7,18,168,0,1,372,385,1,3,351,203,0,6,266,85,-3,6
3,-8,87,137,112,3,323,-1,3,241,92,-1,1,-19,52,-1,5,302,250,-2,7,18,169,0,1,373,388,1,3,351,209,0,6,263,91,-3,6
3,8,95,145,120,2,326,-1,3,240,93,-1,1,-20,57,-1,5,300,257,-2,7,18,170,0,1,374,391,1,3,351,215,0,6,260,97,-3,6
3,0,95,145,120,1,329,-1,3,239,94,-1,1,-21,62,-1,5,298,264,-2,7,18,171,0,1,375,394,1,3,351,221,0,6,257,103,-3,6
3,-8,87,137,112,0,332,-1,3,238,95,-1,1,-22,67,-1,5,296,271,-2,7,18,172,0,1,376,397,1,3,351,227,0,6,254,109,-3,6
3,8,95,145,120,-1,335,-1,3,237,96,-1,1,-23,72,-1,5,294,278,-2,7,18,173,0,1,377,400,1,3,351,233,0,6,251,115,-3,6
3,8,95,145,120,-2,338,-1,3,236,97,-1,1,-24,77,-1,5,292,285,-2,7,18,174,0,1,378,403,1,3,351,239,0,6,248,121,-3,6
3,8,95,145,120,-3,341,-1,3,235,98,-1,1,-25,82,-1,5,290,292,-2,7,18,175,0,1,379,406,1,3,351,245,0,6,245,127,-3,6
3,-8,87,137,112,-4,344,-1,3,234,99,-1,1,321,-81,-1,4,288,299,-2,7,18,176,0,1,380,409,1,3,351,251,0,6,242,133,-3,6
3,8,95,145,120,-5,347,-1,3,233,100,-1,1,320,-77,-1,4,286,306,-2,7,18,177,0,1,381,412,1,3,351,257,0,6,239,139,-3,6
3,8,95,145,120,-6,350,-1,3,232,101,-1,1,319,-73,-1,4,284,313,-2,7,18,178,0,1,382,415,1,3,351,263,0,6,236,145,-3,6
3,0,95,145,120,-7,353,-1,3,231,102,-1,1,318,-69,-1,4,282,320,-2,7,18,179,0,1,383,418,1,3,351,269,0,6,233,151,-3,6
3,8,103,153,128,-8,356,-1,3,230,103,-1,1,317,-65,-1,4,280,327,-2,7,18,180,0,1,384,421,1,3,351,275,0,6,230,157,-3,6
3,0,103,153,128,-9,359,-1,3,229,104,-1,1,316,-61,-1,4,278,334,-2,7,18,181,0,1,385,424,1,3,351,281,0,6,227,163,-3,6
3,-8,95,145,120,-10,362,-1,3,228,105,-1,1,315,-57,-1,4,276,341,-2,7,18,182,0,1,386,427,1,3,351,287,0,6,224,169,-3,6
3,-8,87,137,112,-11,365,-1,3,227,106,-1,1,314,-53,-1,4,274,348,-2,7,18,183,0,1,387,430,1,3,351,293,0,6,221,175,-3,6
3,8,95,145,120,-12,368,-1,3,226,107,-1,1,313,-49,-1,4,272,355,-2,7,18,184,0,1,388,433,1,3,351,299,0,6,218,181,-3,6
3,-8,87,137,112,-13,371,-1,3,225,108,-1,1,312,-45,-1,4,270,362,-2,7,18,185,0,1,389,436,1,3,351,305,0,6,215,187,-3,6
3,0,87,137,112,-14,374,-1,3,224,109,-1,1,311,-41,-1,4,268,369,-2,7,18,186,0,1,390,439,1,3,351,311,0,6,212,193,-3,6
3,8,95,145,120,-15,377,-1,3,223,110,-1,1,310,-37,-1,4,266,376,-2,7,18,187,0,1,391,442,1,3,351,317,0,6,209,199,-3,6
3,0,95,145,120,-16,380,-1,3,222,111,-1,1,309,-33,-1,4,264,383,-2,7,18,188,0,1,392,445,1,3,351,323,0,6,206,205,-3,6
3,0,95,145,120,-17,383,-1,3,221,112,-1,1,308,-29,-1,4,262,390,-2,7,18,189,0,1,393,448,1,3,351,329,0,6,203,211,-3,6
3,0,95,145,120,-18,386,-1,3,220,113,-1,1,307,-25,-1,4,260,397,-2,7,18,190,0,1,394,451,1,3,351,335,0,6,200,217,-3,6
3,0,95,145,120,-19,389,-1,3,219,114,-1,1,306,-21,-1,4,258,404,-2,7,18,191,0,1,395,454,1,3,351,341,0,6,197,223,-3,6
3,0,95,145,120,-20,392,-1,3,218,115,-1,1,305,-17,-1,4,256,411,-2,7,18,192,0,1,396,457,1,3,351,347,0,6,194,229,-3,6
3,-8,87,137,112,-21,395,-1,3,217,116,-1,1,304,-13,-1,4,254,418,-2,7,18,193,0,1,397,460,1,3,351,353,0,6,191,235,-3,6
3,0,87,137,112,-22,398,-1,3,216,117,-1,1,303,-9,-1,4,252,425,-2,7,18,194,0,1,398,463,1,3,351,359,0,6,188,241,-3,6
3,0,87,137,112,-23,401,-1,3,215,118,-1,1,302,-5,-1,4,250,432,-2,7,18,195,0,1,399,466,1,3,351,365,0,6,185,247,-3,6
3,0,87,137,112,-24,404,-1,3,214,119,-1,1,301,-1,-1,4,248,439,-2,7,18,196,0,1,400,469,1,3,351,371,0,6,182,253,-3,6
3,0,87,137,112,-25,407,-1,3,213,120,-1,1,300,3,-1,4,246,446,-2,7,18,197,0,1,401,472,1,3,351,377,0,6,179,259,-3,6
3,8,95,145,120,406,-53,-1,6,212,121,-1,1,299,7,-1,4,244,453,-2,7,18,198,0,1,402,475,1,3,351,383,0,6,176,265,-3,6
3,0,95,145,120,405,-47,-1,6,211,122,-1,1,298,11,-1,4,242,460,-2,7,18,199,0,1,403,478,1,3,351,389,0,6,173,271,-3,6
3,0,95,145,120,404,-41,-1,6,210,123,-1,1,297,15,-1,4,240,467,-2,7,18,200,0,1,404,481,1,3,351,395,0,6,170,277,-3,6
3,8,103,153,128,403,-35,-1,6,209,124,-1,1,296,19,-1,4,238,474,-2,7,18,201,0,1,405,484,1,3,351,401,0,6,167,283,-3,6
3,8,111,161,136,402,-29,-1,6,208,125,-1,1,295,23,-1,4,236,481,-2,7,18,202,0,1,406,487,1,3,351,407,0,6,164,289,-3,6
3,0,111,161,136,401,-23,-1,6,207,126,-1,1,294,27,-1,4,234,488,-2,7,18,203,0,1,407,490,1,3,351,413,0,6,161,295,-3,6
3,0,111,161,136,400,-17,-1,6,206,127,-1,1,293,31,-1,4,232,495,-2,7,18,204,0,1,408,493,1,3,351,419,0,6,158,301,-3,6
3,-8,103,153,128,399,-11,-1,6,205,128,-1,1,292,35,-1,4,230,502,-2,7,18,205,0,1,409,496,1,3,351,425,0,6,155,307,-3,6
3,8,111,161,136,398,-5,-1,6,204,129,-1,1,291,39,-1,4,228,509,-2,7,18,206,0,1,410,499,1,3,351,431,0,6,152,313,-3,6
3,8,119,169,144,397,1,-1,6,203,130,-1,1,290,43,-1,4,226,516,-2,7,18,207,0,1,411,502,1,3,351,437,0,6,149,319,-3,6
3,-8,111,161,136,396,7,-1,6,202,131,-1,1,289,47,-1,4,224,523,-2,7,18,208,0,1,412,505,1,3,351,443,0,6,146,325,-3,6
3,-8,111,161,136,395,13,-1,6,201,132,-1,1,288,51,-1,4,222,530,-2,7,18,209,0,1,413,508,1,3,351,449,0,6,143,331,-3,6
3,0,111,161,136,394,19,-1,6,200,133,-1,1,287,55,-1,4,220,537,-2,7,18,210,0,1,414,511,1,3,351,455,0,6,140,337,-3,6
3,8,119,169,144,393,25,-1,6,199,134,-1,1,286,59,-1,4,218,544,-2,7,18,211,0,1,415,514,1,3,351,461,0,6,137,343,-3,6
3,0,119,169,144,392,31,-1,6,198,135,-1,1,285,63,-1,4,216,551,-2,7,18,212,0,1,416,517,1,3,351,467,0,6,134,349,-3,6
3,8,127,177,152,391,37,-1,6,197,136,-1,1,284,67,-1,4,214,558,-2,7,18,213,0,1,417,520,1,3,351,473,0,6,131,355,-3,6
3,8,127,177,152,390,43,-1,6,196,137,-1,1,283,71,-1,4,212,565,-2,7,18,214,0,1,418,523,1,3,351,479,0,6,128,361,-3,6
3,8,127,177,152,389,49,-1,6,195,138,-1,1,282,75,-1,4,210,572,-2,7,18,215,0,1,419,526,1,3,351,485,0,6,17,-41,-3,5
3,8,127,177,152,388,55,-1,6,194,139,-1,1,281,79,-1,4,208,579,-2,7,18,216,0,1,420,529,1,3,351,491,0,6,14,-36,-3,5
3,8,135,185,160,387,61,-1,6,193,140,-1,1,280,83,-1,4,206,586,-2,7,18,217,0,1,421,532,1,3,351,497,0,6,11,-31,-3,5
3,8,143,193,168,386,67,-1,6,192,141,-1,1,279,87,-1,4,204,593,-2,7,18,218,0,1,422,535,1,3,351,503,0,6,8,-26,-3,5
3,8,143,193,168,385,73,-1,6,191,142,-1,1,278,91,-1,4,202,600,-2,7,18,219,0,1,423,538,1,3,351,509,0,6,5,-21,-3,5
3,0,143,193,168,384,79,-1,6,190,143,-1,1,277,95,-1,4,200,607,-2,7,18,220,0,1,424,541,1,3,351,515,0,6,2,-16,-3,5
3,8,151,201,176,383,85,-1,6,189,144,-1,1,276,99,-1,4,359,-65,-2,6,18,221,0,1,425,544,1,3,351,521,0,6,-1,-11,-3,5
3,8,159,209,184,382,91,-1,6,188,145,-1,1,275,103,-1,4,357,-59,-2,6,18,222,0,1,426,547,1,3,351,527,0,6,-4,-6,-3,5
3,8,159,209,184,381,97,-1,6,187,146,-1,1,274,107,-1,4,355,-53,-2,6,18,223,0,1,427,550,1,3,351,533,0,6,-7,-1,-3,5
3,-8,151,201,176,380,103,-1,6,186,147,-1,1,273,111,-1,4,353,-47,-2,6,18,224,0,1,428,553,1,3,351,539,0,6,-10,4,-3,5
3,8,159,209,184,379,109,-1,6,185,148,-1,1,272,115,-1,4,351,-41,-2,6,18,225,0,1,429,556,1,3,351,545,0,6,-13,9,-3,5
3,8,159,209,184,378,115,-1,6,184,149,-1,1,271,119,-1,4,349,-35,-2,6,18,226,0,1,430,559,1,3,351,551,0,6,-16,14,-3,5
3,0,159,209,184,377,121,-1,6,183,150,-1,1,270,123,-1,4,347,-29,-2,6,18,227,0,1,431,562,1,3,351,557,0,6,-19,19,-3,5
3,8,167,217,192,376,127,-1,6,182,151,-1,1,269,127,-1,4,345,-23,-2,6,18,228,0,1,432,565,1,3,351,563,0,6,-22,24,-3,5
3,8,175,225,200,375,133,-1,6,181,152,-1,1,268,131,-1,4,343,-17,-2,6,18,229,0,1,433,568,1,3,351,569,0,6,-25,29,-3,5
3,8,183,233,208,374,139,-1,6,180,153,-1,1,267,135,-1,4,341,-11,-2,6,18,230,0,1,434,571,1,3,351,575,0,6,310,-99,-3,2
3,8,183,233,208,373,145,-1,6,179,154,-1,1,266,139,-1,4,339,-5,-2,6,18,231,0,1,435,574,1,3,351,581,0,6,307,-97,-3,2
3,8,183,233,208,372,151,-1,6,178,155,-1,1,265,143,-1,4,337,1,-2,6,18,232,0,1,436,577,1,3,351,587,0,6,304,-95,-3,2
3,8,183,233,208,371,157,-1,6,177,156,-1,1,264,147,-1,4,335,7,-2,6,18,233,0,1,437,580,1,3,351,593,0,6,301,-93,-3,2
3,8,191,241,216,370,163,-1,6,176,157,-1,1,263,151,-1,4,333,13,-2,6,18,234,0,1,438,583,1,3,351,599,0,6,298,-91,-3,2
3,0,191,241,216,369,169,-1,6,175,158,-1,1,262,155,-1,4,331,19,-2,6,18,235,0,1,439,586,1,3,351,605,0,6,295,-89,-3,2
3,8,199,249,224,368,175,-1,6,174,159,-1,1,261,159,-1,4,329,25,-2,6,18,236,0,1,440,589,1,3,413,-69,0,4,292,-87,-3,2
3,8,207,257,232,367,181,-1,6,173,160,-1,1,260,163,-1,4,327,31,-2,6,18,237,0,1,441,592,1,3,413,-65,0,4,289,-85,-3,2
3,8,215,265,240,366,187,-1,6,172,161,-1,1,259,167,-1,4,325,37,-2,6,18,238,0,1,442,595,1,3,413,-61,0,4,286,-83,-3,2
3,8,215,265,240,365,193,-1,6,171,162,-1,1,258,171,-1,4,323,43,-2,6,18,239,0,1,443,598,1,3,413,-57,0,4,283,-81,-3,2
3,-8,207,257,232,364,199,-1,6,170,163,-1,1,257,175,-1,4,321,49,-2,6,18,240,0,1,444,601,1,3,413,-53,0,4,280,-79,-3,2
3,0,207,257,232,363,205,-1,6,169,164,-1,1,256,179,-1,4,319,55,-2,6,18,241,0,1,445,604,1,3,413,-49,0,4,277,-77,-3,2
3,8,215,265,240,362,211,-1,6,168,165,-1,1,255,183,-1,4,317,61,-2,6,18,242,0,1,446,607,1,3,413,-45,0,4,274,-75,-3,2
3,8,215,265,240,361,217,-1,6,167,166,-1,1,254,187,-1,4,315,67,-2,6,18,243,0,1,447,610,1,3,413,-41,0,4,271,-73,-3,2
3,0,215,265,240,360,223,-1,6,166,167,-1,1,253,191,-1,4,313,73,-2,6,18,244,0,1,274,-67,1,1,413,-37,0,4,268,-71,-3,2
3,0,215,265,240,359,229,-1,6,165,168,-1,1,252,195,-1,4,311,79,-2,6,18,245,0,1,275,-66,1,1,413,-33,0,4,265,-69,-3,2
3,8,223,273,248,358,235,-1,6,164,169,-1,1,251,199,-1,4,309,85,-2,6,18,246,0,1,276,-65,1,1,413,-29,0,4,262,-67,-3,2
3,8,231,281,256,357,241,-1,6,250,203,-1,4,307,91,-2,6,18,247,0,1,277,-64,1,1,413,-25,0,4,259,-65,-3,2,325,-95,-2,6
3,-8,223,273,248,356,247,-1,6,249,207,-1,4,305,97,-2,6,18,248,0,1,278,-63,1,1,413,-21,0,4,256,-63,-3,2,323,-89,-2,6
3,0,223,273,248,355,253,-1,6,248,211,-1,4,303,103,-2,6,18,249,0,1,279,-62,1,1,413,-17,0,4,253,-61,-3,2,321,-83,-2,6
3,-8,215,265,240,354,259,-1,6,247,215,-1,4,301,109,-2,6,18,250,0,1,280,-61,1,1,413,-13,0,4,250,-59,-3,2,319,-77,-2,6
3,8,223,273,248,353,265,-1,6,246,219,-1,4,299,115,-2,6,18,251,0,1,281,-60,1,1,413,-9,0,4,247,-57,-3,2,317,-71,-2,6
3,8,223,273,248,352,271,-1,6,245,223,-1,4,297,121,-2,6,18,252,0,1,282,-59,1,1,413,-5,0,4,244,-55,-3,2,315,-65,-2,6
3,8,231,281,256,351,277,-1,6,244,227,-1,4,295,127,-2,6,18,253,0,1,283,-58,1,1,413,-1,0,4,241,-53,-3,2,313,-59,-2,6
3,8,239,289,264,350,283,-1,6,243,231,-1,4,293,133,-2,6,18,254,0,1,284,-57,1,1,413,3,0,4,238,-51,-3,2,311,-53,-2,6
3,0,239,289,264,349,289,-1,6,242,235,-1,4,291,139,-2,6,18,255,0,1,285,-56,1,1,413,7,0,4,235,-49,-3,2,309,-47,-2,6
3,8,247,297,272,348,295,-1,6,241,239,-1,4,289,145,-2,6,18,256,0,1,286,-55,1,1,413,11,0,4,232,-47,-3,2,307,-41,-2,6
3,8,255,305,280,347,301,-1,6,240,243,-1,4,287,151,-2,6,18,257,0,1,287,-54,1,1,413,15,0,4,229,-45,-3,2,305,-35,-2,6
3,0,255,305,280,346,307,-1,6,239,247,-1,4,285,157,-2,6,18,258,0,1,288,-53,1,1,413,19,0,4,226,-43,-3,2,303,-29,-2,6
3,8,263,313,288,345,313,-1,6,283,163,-2,6,18,259,0,1,289,-52,1,1,413,23,0,4,223,-41,-3,2,301,-23,-2,6,197,-78,-2,2
3,8,271,321,296,344,319,-1,6,281,169,-2,6,18,260,0,1,290,-51,1,1,413,27,0,4,220,-39,-3,2,299,-17,-2,6,195,-76,-2,2
3,8,279,329,304,343,325,-1,6,279,175,-2,6,18,261,0,1,291,-50,1,1,413,31,0,4,217,-37,-3,2,297,-11,-2,6,193,-74,-2,2
3,8,287,337,312,342,331,-1,6,277,181,-2,6,18,262,0,1,292,-49,1,1,413,35,0,4,214,-35,-3,2,295,-5,-2,6,191,-72,-2,2
3,0,287,337,312,341,337,-1,6,275,187,-2,6,18,263,0,1,293,-48,1,1,413,39,0,4,211,-33,-3,2,293,1,-2,6,189,-70,-2,2
3,-8,279,329,304,340,343,-1,6,273,193,-2,6,18,264,0,1,294,-47,1,1,413,43,0,4,208,-31,-3,2,291,7,-2,6,187,-68,-2,2
3,-8,279,329,304,339,349,-1,6,271,199,-2,6,18,265,0,1,295,-46,1,1,413,47,0,4,205,-29,-3,2,289,13,-2,6,185,-66,-2,2
3,-8,279,329,304,338,355,-1,6,269,205,-2,6,18,266,0,1,296,-45,1,1,413,51,0,4,202,-27,-3,2,287,19,-2,6,183,-64,-2,2
3,-8,279,329,304,337,361,-1,6,267,211,-2,6,18,267,0,1,297,-44,1,1,413,55,0,4,199,-25,-3,2,285,25,-2,6,181,-62,-2,2
3,8,287,337,312,336,367,-1,6,265,217,-2,6,18,268,0,1,298,-43,1,1,413,59,0,4,196,-23,-3,2,283,31,-2,6,179,-60,-2,2
3,-8,279,329,304,335,373,-1,6,263,223,-2,6,18,269,0,1,299,-42,1,1,413,63,0,4,193,-21,-3,2,281,37,-2,6,177,-58,-2,2
3,-8,271,321,296,334,379,-1,6,261,229,-2,6,18,270,0,1,300,-41,1,1,413,67,0,4,279,43,-2,6,175,-56,-2,2,136,-49,-3,5
3,8,279,329,304,333,385,-1,6,259,235,-2,6,18,271,0,1,301,-40,1,1,413,71,0,4,277,49,-2,6,173,-54,-2,2,133,-44,-3,5
3,0,279,329,304,332,391,-1,6,257,241,-2,6,18,272,0,1,302,-39,1,1,413,75,0,4,275,55,-2,6,171,-52,-2,2,130,-39,-3,5
3,8,287,337,312,331,397,-1,6,255,247,-2,6,18,273,0,1,303,-38,1,1,413,79,0,4,273,61,-2,6,169,-50,-2,2,127,-34,-3,5
3,0,287,337,312,330,403,-1,6,18,274,0,1,304,-37,1,1,413,83,0,4,271,67,-2,6,167,-48,-2,2,124,-29,-3,5,226,-74,-2,6
3,0,287,337,312,329,409,-1,6,18,275,0,1,305,-36,1,1,413,87,0,4,269,73,-2,6,165,-46,-2,2,121,-24,-3,5,224,-68,-2,6
3,0,287,337,312,328,415,-1,6,18,276,0,1,306,-35,1,1,413,91,0,4,267,79,-2,6,118,-19,-3,5,222,-62,-2,6,212,-82,2,3
3,0,287,337,312,327,421,-1,6,18,277,0,1,307,-34,1,1,413,95,0,4,265,85,-2,6,115,-14,-3,5,220,-56,-2,6,214,-79,2,3
3,-8,279,329,304,326,427,-1,6,18,278,0,1,308,-33,1,1,413,99,0,4,263,91,-2,6,112,-9,-3,5,218,-50,-2,6,216,-76,2,3
3,0,279,329,304,325,433,-1,6,18,279,0,1,309,-32,1,1,413,103,0,4,261,97,-2,6,109,-4,-3,5,216,-44,-2,6,218,-73,2,3
3,-8,271,321,296,324,439,-1,6,18,280,0,1,310,-31,1,1,413,107,0,4,259,103,-2,6,106,1,-3,5,220,-70,2,3,96,-83,-2,6
3,-8,263,313,288,323,445,-1,6,18,281,0,1,311,-30,1,1,413,111,0,4,257,109,-2,6,103,6,-3,5,222,-67,2,3,94,-77,-2,6
3,-8,263,313,288,322,451,-1,6,18,282,0,1,312,-29,1,1,413,115,0,4,255,115,-2,6,100,11,-3,5,224,-64,2,3,92,-71,-2,6
3,-8,255,305,280,321,457,-1,6,18,283,0,1,313,-28,1,1,413,119,0,4,253,121,-2,6,97,16,-3,5,226,-61,2,3,90,-65,-2,6
3,-8,255,305,280,320,463,-1,6,18,284,0,1,314,-27,1,1,413,123,0,4,251,127,-2,6,94,21,-3,5,228,-58,2,3,88,-59,-2,6
3,0,255,305,280,319,469,-1,6,18,285,0,1,315,-26,1,1,413,127,0,4,249,133,-2,6,91,26,-3,5,230,-55,2,3,86,-53,-2,6
3,8,263,313,288,318,475,-1,6,18,286,0,1,316,-25,1,1,413,131,0,4,247,139,-2,6,88,31,-3,5,232,-52,2,3,84,-47,-2,6
3,8,263,313,288,317,481,-1,6,18,287,0,1,317,-24,1,1,413,135,0,4,245,145,-2,6,85,36,-3,5,234,-49,2,3,82,-41,-2,6
3,0,263,313,288,316,487,-1,6,18,288,0,1,318,-23,1,1,413,139,0,4,243,151,-2,6,82,41,-3,5,236,-46,2,3,80,-35,-2,6
3,-8,255,305,280,315,493,-1,6,18,289,0,1,319,-22,1,1,413,143,0,4,241,157,-2,6,79,46,-3,5,238,-43,2,3,78,-29,-2,6
3,0,255,305,280,314,499,-1,6,18,290,0,1,320,-21,1,1,413,147,0,4,239,163,-2,6,76,51,-3,5,240,-40,2,3,76,-23,-2,6
3,-8,247,297,272,313,505,-1,6,18,291,0,1,321,-20,1,1,413,151,0,4,237,169,-2,6,73,56,-3,5,242,-37,2,3,74,-17,-2,6
3,0,247,297,272,312,511,-1,6,18,292,0,1,322,-19,1,1,413,155,0,4,235,175,-2,6,70,61,-3,5,72,-11,-2,6,130,-55,-1,2
3,-8,239,289,264,311,517,-1,6,18,293,0,1,323,-18,1,1,413,159,0,4,233,181,-2,6,67,66,-3,5,70,-5,-2,6,129,-53,-1,2
3,-8,231,281,256,310,523,-1,6,18,294,0,1,324,-17,1,1,413,163,0,4,231,187,-2,6,64,71,-3,5,68,1,-2,6,128,-51,-1,2
3,-8,223,273,248,309,529,-1,6,18,295,0,1,325,-16,1,1,413,167,0,4,229,193,-2,6,61,76,-3,5,66,7,-2,6,127,-49,-1,2
3,0,223,273,248,308,535,-1,6,18,296,0,1,326,-15,1,1,413,171,0,4,227,199,-2,6,58,81,-3,5,64,13,-2,6,126,-47,-1,2
3,8,231,281,256,307,541,-1,6,18,297,0,1,327,-14,1,1,413,175,0,4,225,205,-2,6,55,86,-3,5,62,19,-2,6,125,-45,-1,2
3,-8,223,273,248,306,547,-1,6,18,298,0,1,328,-13,1,1,413,179,0,4,223,211,-2,6,52,91,-3,5,60,25,-2,6,124,-43,-1,2
3,0,223,273,248,305,553,-1,6,18,299,0,1,329,-12,1,1,413,183,0,4,221,217,-2,6,49,96,-3,5,58,31,-2,6,123,-41,-1,2
3,0,223,273,248,304,559,-1,6,18,300,0,1,330,-11,1,1,413,187,0,4,219,223,-2,6,46,101,-3,5,56,37,-2,6,122,-39,-1,2
3,0,223,273,248,303,565,-1,6,18,301,0,1,331,-10,1,1,413,191,0,4,217,229,-2,6,43,106,-3,5,54,43,-2,6,121,-37,-1,2
3,-8,215,265,240,302,571,-1,6,18,302,0,1,332,-9,1,1,413,195,0,4,215,235,-2,6,40,111,-3,5,52,49,-2,6,120,-35,-1,2
3,-8,207,257,232,301,577,-1,6,18,303,0,1,333,-8,1,1,413,199,0,4,213,241,-2,6,37,116,-3,5,50,55,-2,6,119,-33,-1,2
3,0,207,257,232,300,583,-1,6,18,304,0,1,334,-7,1,1,413,203,0,4,211,247,-2,6,34,121,-3,5,48,61,-2,6,118,-31,-1,2
3,-8,199,249,224,299,589,-1,6,18,305,0,1,335,-6,1,1,413,207,0,4,209,253,-2,6,31,126,-3,5,46,67,-2,6,117,-29,-1,2
3,8,207,257,232,298,595,-1,6,18,306,0,1,336,-5,1,1,413,211,0,4,207,259,-2,6,28,131,-3,5,44,73,-2,6,116,-27,-1,2
3,-8,199,249,224,297,601,-1,6,18,307,0,1,337,-4,1,1,413,215,0,4,205,265,-2,6,25,136,-3,5,42,79,-2,6,115,-25,-1,2
3,8,207,257,232,296,607,-1,6,18,308,0,1,338,-3,1,1,413,219,0,4,203,271,-2,6,22,141,-3,5,40,85,-2,6,114,-23,-1,2
3,-8,199,249,224,43,-45,-1,6,18,309,0,1,339,-2,1,1,413,223,0,4,201,277,-2,6,19,146,-3,5,38,91,-2,6,113,-21,-1,2
3,-8,199,249,224,42,-39,-1,6,18,310,0,1,340,-1,1,1,413,227,0,4,199,283,-2,6,16,151,-3,5,36,97,-2,6,112,-19,-1,2
3,-8,199,249,224,41,-33,-1,6,18,311,0,1,341,0,1,1,413,231,0,4,197,289,-2,6,13,156,-3,5,34,103,-2,6,111,-17,-1,2
3,0,199,249,224,40,-27,-1,6,18,312,0,1,342,1,1,1,413,235,0,4,195,295,-2,6,10,161,-3,5,32,109,-2,6,110,-15,-1,2
3,0,199,249,224,39,-21,-1,6,18,313,0,1,343,2,1,1,413,239,0,4,193,301,-2,6,7,166,-3,5,30,115,-2,6,109,-13,-1,2
3,0,199,249,224,38,-15,-1,6,18,314,0,1,344,3,1,1,413,243,0,4,191,307,-2,6,4,171,-3,5,28,121,-2,6,108,-11,-1,2
3,-8,191,241,216,37,-9,-1,6,18,315,0,1,345,4,1,1,413,247,0,4,189,313,-2,6,1,176,-3,5,26,127,-2,6,107,-9,-1,2
3,0,191,241,216,36,-3,-1,6,18,316,0,1,346,5,1,1,413,251,0,4,187,319,-2,6,-2,181,-3,5,24,133,-2,6,106,-7,-1,2
3,-8,183,233,208,35,3,-1,6,18,317,0,1,347,6,1,1,413,255,0,4,185,325,-2,6,-5,186,-3,5,22,139,-2,6,105,-5,-1,2
3,8,191,241,216,34,9,-1,6,18,318,0,1,348,7,1,1,413,259,0,4,183,331,-2,6,-8,191,-3,5,20,145,-2,6,104,-3,-1,2
3,8,191,241,216,33,15,-1,6,18,319,0,1,349,8,1,1,413,263,0,4,181,337,-2,6,-11,196,-3,5,18,151,-2,6,103,-1,-1,2
3,8,199,249,224,32,21,-1,6,18,320,0,1,350,9,1,1,413,267,0,4,179,343,-2,6,-14,201,-3,5,16,157,-2,6,102,1,-1,2
3,-8,191,241,216,31,27,-1,6,18,321,0,1,351,10,1,1,413,271,0,4,-17,206,-3,5,14,163,-2,6,101,3,-1,2,354,-42,1,3
3,-8,191,241,216,30,33,-1,6,18,322,0,1,352,11,1,1,413,275,0,4,-20,211,-3,5,12,169,-2,6,100,5,-1,2,355,-39,1,3
3,-8,183,233,208,29,39,-1,6,18,323,0,1,353,12,1,1,413,279,0,4,-23,216,-3,5,10,175,-2,6,99,7,-1,2,356,-36,1,3
3,8,191,241,216,28,45,-1,6,18,324,0,1,354,13,1,1,413,283,0,4,144,-69,-3,4,8,181,-2,6,98,9,-1,2,357,-33,1,3
3,0,191,241,216,27,51,-1,6,18,325,0,1,355,14,1,1,413,287,0,4,141,-65,-3,4,6,187,-2,6,97,11,-1,2,358,-30,1,3
3,8,199,249,224,26,57,-1,6,18,326,0,1,356,15,1,1,413,291,0,4,138,-61,-3,4,4,193,-2,6,96,13,-1,2,359,-27,1,3
3,8,199,249,224,25,63,-1,6,18,327,0,1,357,16,1,1,413,295,0,4,135,-57,-3,4,2,199,-2,6,95,15,-1,2,360,-24,1,3
3,0,199,249,224,24,69,-1,6,18,328,0,1,358,17,1,1,413,299,0,4,132,-53,-3,4,0,205,-2,6,94,17,-1,2,361,-21,1,3
3,-8,191,241,216,23,75,-1,6,18,329,0,1,359,18,1,1,413,303,0,4,129,-49,-3,4,-2,211,-2,6,93,19,-1,2,362,-18,1,3
3,8,199,249,224,22,81,-1,6,18,330,0,1,360,19,1,1,413,307,0,4,126,-45,-3,4,-4,217,-2,6,92,21,-1,2,363,-15,1,3
3,8,207,257,232,21,87,-1,6,18,331,0,1,361,20,1,1,413,311,0,4,123,-41,-3,4,-6,223,-2,6,91,23,-1,2,364,-12,1,3
3,8,207,257,232,20,93,-1,6,18,332,0,1,362,21,1,1,413,315,0,4,120,-37,-3,4,-8,229,-2,6,90,25,-1,2,365,-9,1,3
3,0,207,257,232,19,99,-1,6,18,333,0,1,363,22,1,1,413,319,0,4,117,-33,-3,4,-10,235,-2,6,89,27,-1,2,366,-6,1,3
3,0,207,257,232,18,105,-1,6,18,334,0,1,364,23,1,1,413,323,0,4,114,-29,-3,4,-12,241,-2,6,88,29,-1,2,367,-3,1,3
3,0,207,257,232,17,111,-1,6,18,335,0,1,365,24,1,1,413,327,0,4,111,-25,-3,4,-14,247,-2,6,87,31,-1,2,368,0,1,3
3,0,207,257,232,16,117,-1,6,18,336,0,1,366,25,1,1,413,331,0,4,108,-21,-3,4,-16,253,-2,6,86,33,-1,2,369,3,1,3
3,0,207,257,232,15,123,-1,6,18,337,0,1,367,26,1,1,413,335,0,4,105,-17,-3,4,-18,259,-2,6,85,35,-1,2,370,6,1,3
3,0,207,257,232,14,129,-1,6,18,338,0,1,368,27,1,1,413,339,0,4,102,-13,-3,4,-20,265,-2,6,84,37,-1,2,371,9,1,3
3,8,215,265,240,13,135,-1,6,18,339,0,1,369,28,1,1,413,343,0,4,99,-9,-3,4,-22,271,-2,6,83,39,-1,2,372,12,1,3
3,-8,207,257,232,12,141,-1,6,18,340,0,1,370,29,1,1,413,347,0,4,96,-5,-3,4,-24,277,-2,6,82,41,-1,2,373,15,1,3
3,-8,207,257,232,11,147,-1,6,18,341,0,1,371,30,1,1,413,351,0,4,93,-1,-3,4,22,-70,-2,6,81,43,-1,2,374,18,1,3
3,8,215,265,240,10,153,-1,6,18,342,0,1,372,31,1,1,413,355,0,4,90,3,-3,4,20,-64,-2,6,80,45,-1,2,375,21,1,3
3,8,215,265,240,9,159,-1,6,18,343,0,1,373,32,1,1,413,359,0,4,87,7,-3,4,18,-58,-2,6,79,47,-1,2,376,24,1,3
3,8,215,265,240,8,165,-1,6,18,344,0,1,374,33,1,1,413,363,0,4,84,11,-3,4,16,-52,-2,6,78,49,-1,2,377,27,1,3
3,0,215,265,240,7,171,-1,6,18,345,0,1,375,34,1,1,413,367,0,4,81,15,-3,4,14,-46,-2,6,77,51,-1,2,378,30,1,3
3,0,215,265,240,6,177,-1,6,18,346,0,1,376,35,1,1,413,371,0,4,78,19,-3,4,12,-40,-2,6,76,53,-1,2,379,33,1,3
3,0,215,265,240,5,183,-1,6,18,347,0,1,377,36,1,1,413,375,0,4,75,23,-3,4,10,-34,-2,6,75,55,-1,2,380,36,1,3
3,8,223,273,248,4,189,-1,6,18,348,0,1,378,37,1,1,413,379,0,4,72,27,-3,4,8,-28,-2,6,74,57,-1,2,381,39,1,3
3,8,223,273,248,3,195,-1,6,18,349,0,1,379,38,1,1,413,383,0,4,69,31,-3,4,6,-22,-2,6,73,59,-1,2,382,42,1,3
3,-8,215,265,240,2,201,-1,6,18,350,0,1,380,39,1,1,413,387,0,4,66,35,-3,4,4,-16,-2,6,72,61,-1,2,383,45,1,3
3,0,215,265,240,1,207,-1,6,18,351,0,1,381,40,1,1,413,391,0,4,63,39,-3,4,2,-10,-2,6,71,63,-1,2,384,48,1,3
3,0,215,265,240,0,213,-1,6,18,352,0,1,382,41,1,1,413,395,0,4,60,43,-3,4,0,-4,-2,6,70,65,-1,2,385,51,1,3
3,8,223,273,248,-1,219,-1,6,18,353,0,1,383,42,1,1,413,399,0,4,57,47,-3,4,-2,2,-2,6,69,67,-1,2,386,54,1,3
3,0,223,273,248,-2,225,-1,6,18,354,0,1,384,43,1,1,413,403,0,4,54,51,-3,4,-4,8,-2,6,68,69,-1,2,387,57,1,3
3,0,223,273,248,-3,231,-1,6,18,355,0,1,385,44,1,1,413,407,0,4,51,55,-3,4,-6,14,-2,6,67,71,-1,2,388,60,1,3
3,-8,215,265,240,-4,237,-1,6,18,356,0,1,386,45,1,1,413,411,0,4,48,59,-3,4,-8,20,-2,6,66,73,-1,2,389,63,1,3
3,-8,207,257,232,-5,243,-1,6,18,357,0,1,387,46,1,1,413,415,0,4,45,63,-3,4,-10,26,-2,6,65,75,-1,2,390,66,1,3
3,8,215,265,240,-6,249,-1,6,18,358,0,1,388,47,1,1,413,419,0,4,42,67,-3,4,-12,32,-2,6,64,77,-1,2,391,69,1,3
3,-8,207,257,232,-7,255,-1,6,18,359,0,1,389,48,1,1,413,423,0,4,39,71,-3,4,-14,38,-2,6,63,79,-1,2,392,72,1,3
3,-8,199,249,224,-8,261,-1,6,18,360,0,1,390,49,1,1,413,427,0,4,36,75,-3,4,-16,44,-2,6,62,81,-1,2,393,75,1,3
3,-8,191,241,216,-9,267,-1,6,18,361,0,1,391,50,1,1,413,431,0,4,33,79,-3,4,-18,50,-2,6,61,83,-1,2,394,78,1,3
3,8,199,249,224,-10,273,-1,6,18,362,0,1,392,51,1,1,413,435,0,4,30,83,-3,4,-20,56,-2,6,60,85,-1,2,395,81,1,3
3,-8,191,241,216,-11,279,-1,6,18,363,0,1,393,52,1,1,413,439,0,4,27,87,-3,4,-22,62,-2,6,59,87,-1,2,396,84,1,3
3,8,199,249,224,-12,285,-1,6,18,364,0,1,394,53,1,1,413,443,0,4,24,91,-3,4,-24,68,-2,6,58,89,-1,2,397,87,1,3
3,8,199,249,224,-13,291,-1,6,18,365,0,1,395,54,1,1,413,447,0,4,21,95,-3,4,376,-61,-2,5,57,91,-1,2,398,90,1,3
3,8,207,257,232,-14,297,-1,6,18,366,0,1,396,55,1,1,413,451,0,4,18,99,-3,4,374,-56,-2,5,56,93,-1,2,399,93,1,3
3,8,207,257,232,-15,303,-1,6,18,367,0,1,397,56,1,1,413,455,0,4,15,103,-3,4,372,-51,-2,5,55,95,-1,2,400,96,1,3
3,-8,199,249,224,-16,309,-1,6,18,368,0,1,398,57,1,1,413,459,0,4,12,107,-3,4,370,-46,-2,5,54,97,-1,2,401,99,1,3
3,-8,199,249,224,-17,315,-1,6,18,369,0,1,399,58,1,1,413,463,0,4,9,111,-3,4,368,-41,-2,5,53,99,-1,2,402,102,1,3
3,8,207,257,232,-18,321,-1,6,18,370,0,1,400,59,1,1,413,467,0,4,6,115,-3,4,366,-36,-2,5,52,101,-1,2,403,105,1,3
3,8,207,257,232,-19,327,-1,6,18,371,0,1,401,60,1,1,413,471,0,4,3,119,-3,4,364,-31,-2,5,51,103,-1,2,404,108,1,3
3,0,207,257,232,-20,333,-1,6,18,372,0,1,402,61,1,1,413,475,0,4,0,123,-3,4,362,-26,-2,5,50,105,-1,2,405,111,1,3
3,0,207,257,232,-21,339,-1,6,18,373,0,1,403,62,1,1,413,479,0,4,-3,127,-3,4,360,-21,-2,5,49,107,-1,2,406,114,1,3
3,-8,199,249,224,-22,345,-1,6,18,374,0,1,404,63,1,1,413,483,0,4,-6,131,-3,4,358,-16,-2,5,48,109,-1,2,407,117,1,3
3,-8,191,241,216,-23,351,-1,6,18,375,0,1,405,64,1,1,413,487,0,4,-9,135,-3,4,356,-11,-2,5,47,111,-1,2,408,120,1,3
3,-8,191,241,216,-24,357,-1,6,18,376,0,1,406,65,1,1,413,491,0,4,-12,139,-3,4,354,-6,-2,5,46,113,-1,2,409,123,1,3
3,-8,183,233,208,-25,363,-1,6,18,377,0,1,407,66,1,1,413,495,0,4,-15,143,-3,4,352,-1,-2,5,45,115,-1,2,410,126,1,3
3,0,183,233,208,47,-72,-1,7,18,378,0,1,408,67,1,1,413,499,0,4,-18,147,-3,4,350,4,-2,5,44,117,-1,2,411,129,1,3
3,8,191,241,216,46,-65,-1,7,18,379,0,1,409,68,1,1,413,503,0,4,-21,151,-3,4,348,9,-2,5,43,119,-1,2,412,132,1,3
3,8,191,241,216,45,-58,-1,7,18,380,0,1,410,69,1,1,413,507,0,4,-24,155,-3,4,346,14,-2,5,42,121,-1,2,413,135,1,3
3,-8,183,233,208,44,-51,-1,7,18,381,0,1,411,70,1,1,413,511,0,4,48,-80,-3,6,344,19,-2,5,41,123,-1,2,414,138,1,3
3,-8,175,225,200,43,-44,-1,7,18,382,0,1,412,71,1,1,413,515,0,4,45,-74,-3,6,342,24,-2,5,40,125,-1,2,415,141,1,3
3,-8,175,225,200,42,-37,-1,7,18,383,0,1,413,72,1,1,413,519,0,4,42,-68,-3,6,340,29,-2,5,39,127,-1,2,416,144,1,3
3,-8,175,225,200,41,-30,-1,7,18,384,0,1,414,73,1,1,413,523,0,4,39,-62,-3,6,338,34,-2,5,38,129,-1,2,417,147,1,3
3,0,175,225,200,40,-23,-1,7,18,385,0,1,415,74,1,1,413,527,0,4,36,-56,-3,6,336,39,-2,5,37,131,-1,2,418,150,1,3
3,8,183,233,208,39,-16,-1,7,18,386,0,1,416,75,1,1,413,531,0,4,33,-50,-3,6,334,44,-2,5,36,133,-1,2,419,153,1,3
3,8,183,233,208,38,-9,-1,7,18,387,0,1,417,76,1,1,413,535,0,4,30,-44,-3,6,332,49,-2,5,35,135,-1,2,420,156,1,3
3,-8,175,225,200,37,-2,-1,7,18,388,0,1,418,77,1,1,413,539,0,4,27,-38,-3,6,330,54,-2,5,34,137,-1,2,421,159,1,3
3,-8,175,225,200,36,5,-1,7,18,389,0,1,419,78,1,1,413,543,0,4,24,-32,-3,6,328,59,-2,5,33,139,-1,2,422,162,1,3
3,8,183,233,208,35,12,-1,7,18,390,0,1,420,79,1,1,413,547,0,4,21,-26,-3,6,326,64,-2,5,32,141,-1,2,423,165,1,3
3,8,191,241,216,34,19,-1,7,18,391,0,1,421,80,1,1,413,551,0,4,18,-20,-3,6,324,69,-2,5,31,143,-1,2,424,168,1,3
3,8,191,241,216,33,26,-1,7,18,392,0,1,422,81,1,1,413,555,0,4,15,-14,-3,6,322,74,-2,5,30,145,-1,2,425,171,1,3
3,-8,183,233,208,32,33,-1,7,18,393,0,1,423,82,1,1,413,559,0,4,12,-8,-3,6,320,79,-2,5,29,147,-1,2,426,174,1,3
3,0,183,233,208,31,40,-1,7,18,394,0,1,424,83,1,1,413,563,0,4,9,-2,-3,6,318,84,-2,5,28,149,-1,2,427,177,1,3
3,0,183,233,208,30,47,-1,7,18,395,0,1,425,84,1,1,413,567,0,4,6,4,-3,6,316,89,-2,5,27,151,-1,2,428,180,1,3
3,8,191,241,216,29,54,-1,7,18,396,0,1,426,85,1,1,413,571,0,4,3,10,-3,6,314,94,-2,5,26,153,-1,2,429,183,1,3
3,8,191,241,216,28,61,-1,7,18,397,0,1,427,86,1,1,413,575,0,4,0,16,-3,6,312,99,-2,5,25,155,-1,2,430,186,1,3
3,8,191,241,216,27,68,-1,7,18,398,0,1,428,87,1,1,413,579,0,4,-3,22,-3,6,310,104,-2,5,24,157,-1,2,431,189,1,3
3,8,199,249,224,26,75,-1,7,18,399,0,1,429,88,1,1,413,583,0,4,-6,28,-3,6,308,109,-2,5,23,159,-1,2,432,192,1,3
3,0,199,249,224,25,82,-1,7,18,400,0,1,430,89,1,1,413,587,0,4,-9,34,-3,6,306,114,-2,5,22,161,-1,2,433,195,1,3
3,8,207,257,232,24,89,-1,7,18,401,0,1,431,90,1,1,413,591,0,4,-12,40,-3,6,304,119,-2,5,21,163,-1,2,434,198,1,3
3,0,207,257,232,23,96,-1,7,18,402,0,1,432,91,1,1,413,595,0,4,-15,46,-3,6,302,124,-2,5,20,165,-1,2,435,201,1,3
3,0,207,257,232,22,103,-1,7,18,403,0,1,433,92,1,1,413,599,0,4,-18,52,-3,6,300,129,-2,5,19,167,-1,2,436,204,1,3
3,-8,199,249,224,21,110,-1,7,18,404,0,1,434,93,1,1,413,603,0,4,-21,58,-3,6,298,134,-2,5,18,169,-1,2,437,207,1,3
3,8,207,257,232,20,117,-1,7,18,405,0,1,435,94,1,1,413,607,0,4,-24,64,-3,6,296,139,-2,5,17,171,-1,2,438,210,1,3
3,8,215,265,240,19,124,-1,7,18,406,0,1,436,95,1,1,376,-56,0,4,387,-90,-3,3,294,144,-2,5,16,173,-1,2,439,213,1,3
3,-8,207,257,232,18,131,-1,7,18,407,0,1,437,96,1,1,376,-52,0,4,384,-87,-3,3,292,149,-2,5,15,175,-1,2,440,216,1,3
3,-8,207,257,232,17,138,-1,7,18,408,0,1,438,97,1,1,376,-48,0,4,381,-84,-3,3,290,154,-2,5,14,177,-1,2,441,219,1,3
3,8,215,265,240,16,145,-1,7,18,409,0,1,439,98,1,1,376,-44,0,4,378,-81,-3,3,288,159,-2,5,13,179,-1,2,442,222,1,3
